<?xml version="1.0" ?>
<coverage version="7.6.1" timestamp="1756116324828" lines-valid="6705" lines-covered="1118" line-rate="0.1667" branches-covered="0" branches-valid="0" branch-rate="0" complexity="0">
	<!-- Generated by coverage.py: https://coverage.readthedocs.io/en/7.6.1 -->
	<!-- Based on https://raw.githubusercontent.com/cobertura/web/master/htdocs/xml/coverage-04.dtd -->
	<sources>
		<source>/home/runner/workspace</source>
	</sources>
	<packages>
		<package name="." line-rate="0.1386" branch-rate="0" complexity="0">
			<classes>
				<class name="app.py" filename="app.py" complexity="0" line-rate="0.1157" branch-rate="0">
					<methods/>
					<lines>
						<line number="6" hits="1"/>
						<line number="7" hits="1"/>
						<line number="8" hits="1"/>
						<line number="9" hits="1"/>
						<line number="10" hits="1"/>
						<line number="11" hits="1"/>
						<line number="12" hits="1"/>
						<line number="13" hits="1"/>
						<line number="14" hits="1"/>
						<line number="15" hits="1"/>
						<line number="16" hits="1"/>
						<line number="17" hits="1"/>
						<line number="19" hits="1"/>
						<line number="20" hits="1"/>
						<line number="25" hits="1"/>
						<line number="27" hits="0"/>
						<line number="28" hits="0"/>
						<line number="31" hits="1"/>
						<line number="33" hits="0"/>
						<line number="34" hits="0"/>
						<line number="37" hits="1"/>
						<line number="39" hits="0"/>
						<line number="40" hits="0"/>
						<line number="43" hits="1"/>
						<line number="45" hits="0"/>
						<line number="46" hits="0"/>
						<line number="49" hits="1"/>
						<line number="51" hits="0"/>
						<line number="52" hits="0"/>
						<line number="56" hits="1"/>
						<line number="58" hits="0"/>
						<line number="59" hits="0"/>
						<line number="60" hits="0"/>
						<line number="61" hits="0"/>
						<line number="62" hits="0"/>
						<line number="63" hits="0"/>
						<line number="67" hits="1"/>
						<line number="70" hits="1"/>
						<line number="71" hits="1"/>
						<line number="73" hits="1"/>
						<line number="74" hits="0"/>
						<line number="75" hits="0"/>
						<line number="76" hits="0"/>
						<line number="77" hits="0"/>
						<line number="78" hits="0"/>
						<line number="79" hits="0"/>
						<line number="80" hits="0"/>
						<line number="81" hits="0"/>
						<line number="83" hits="1"/>
						<line number="85" hits="1"/>
						<line number="89" hits="1"/>
						<line number="90" hits="1"/>
						<line number="91" hits="1"/>
						<line number="94" hits="1"/>
						<line number="95" hits="0"/>
						<line number="96" hits="0"/>
						<line number="97" hits="0"/>
						<line number="98" hits="0"/>
						<line number="99" hits="0"/>
						<line number="109" hits="0"/>
						<line number="110" hits="0"/>
						<line number="113" hits="1"/>
						<line number="115" hits="0"/>
						<line number="116" hits="0"/>
						<line number="117" hits="0"/>
						<line number="118" hits="0"/>
						<line number="119" hits="0"/>
						<line number="122" hits="0"/>
						<line number="123" hits="0"/>
						<line number="124" hits="0"/>
						<line number="126" hits="0"/>
						<line number="127" hits="0"/>
						<line number="128" hits="0"/>
						<line number="131" hits="1"/>
						<line number="133" hits="0"/>
						<line number="137" hits="1"/>
						<line number="140" hits="1"/>
						<line number="142" hits="1"/>
						<line number="145" hits="1"/>
						<line number="146" hits="0"/>
						<line number="147" hits="0"/>
						<line number="148" hits="0"/>
						<line number="149" hits="0"/>
						<line number="150" hits="0"/>
						<line number="153" hits="0"/>
						<line number="154" hits="0"/>
						<line number="155" hits="0"/>
						<line number="167" hits="0"/>
						<line number="168" hits="0"/>
						<line number="169" hits="0"/>
						<line number="175" hits="1"/>
						<line number="177" hits="1"/>
						<line number="180" hits="1"/>
						<line number="182" hits="0"/>
						<line number="185" hits="1"/>
						<line number="187" hits="0"/>
						<line number="193" hits="1"/>
						<line number="194" hits="1"/>
						<line number="197" hits="1"/>
						<line number="198" hits="1"/>
						<line number="199" hits="1"/>
						<line number="200" hits="0"/>
						<line number="201" hits="0"/>
						<line number="204" hits="1"/>
						<line number="205" hits="0"/>
						<line number="207" hits="1"/>
						<line number="208" hits="1"/>
						<line number="209" hits="1"/>
						<line number="213" hits="1"/>
						<line number="214" hits="1"/>
						<line number="215" hits="1"/>
						<line number="216" hits="0"/>
						<line number="217" hits="0"/>
						<line number="218" hits="1"/>
						<line number="219" hits="0"/>
						<line number="220" hits="1"/>
						<line number="221" hits="0"/>
						<line number="222" hits="1"/>
						<line number="228" hits="1"/>
						<line number="229" hits="1"/>
						<line number="230" hits="1"/>
						<line number="232" hits="1"/>
						<line number="234" hits="1"/>
						<line number="235" hits="0"/>
						<line number="236" hits="0"/>
						<line number="237" hits="0"/>
						<line number="238" hits="0"/>
						<line number="239" hits="0"/>
						<line number="240" hits="0"/>
						<line number="241" hits="0"/>
						<line number="242" hits="0"/>
						<line number="243" hits="0"/>
						<line number="244" hits="0"/>
						<line number="250" hits="1"/>
						<line number="253" hits="1"/>
						<line number="254" hits="1"/>
						<line number="255" hits="1"/>
						<line number="256" hits="1"/>
						<line number="259" hits="1"/>
						<line number="260" hits="0"/>
						<line number="261" hits="0"/>
						<line number="262" hits="0"/>
						<line number="263" hits="0"/>
						<line number="264" hits="0"/>
						<line number="265" hits="0"/>
						<line number="266" hits="0"/>
						<line number="267" hits="0"/>
						<line number="268" hits="0"/>
						<line number="269" hits="0"/>
						<line number="270" hits="0"/>
						<line number="271" hits="0"/>
						<line number="272" hits="0"/>
						<line number="278" hits="1"/>
						<line number="280" hits="1"/>
						<line number="281" hits="1"/>
						<line number="282" hits="1"/>
						<line number="283" hits="1"/>
						<line number="284" hits="1"/>
						<line number="286" hits="1"/>
						<line number="291" hits="0"/>
						<line number="292" hits="0"/>
						<line number="293" hits="1"/>
						<line number="294" hits="1"/>
						<line number="298" hits="1"/>
						<line number="299" hits="1"/>
						<line number="300" hits="1"/>
						<line number="301" hits="1"/>
						<line number="302" hits="1"/>
						<line number="303" hits="1"/>
						<line number="304" hits="0"/>
						<line number="305" hits="0"/>
						<line number="309" hits="1"/>
						<line number="310" hits="0"/>
						<line number="311" hits="0"/>
						<line number="315" hits="1"/>
						<line number="318" hits="0"/>
						<line number="319" hits="0"/>
						<line number="320" hits="0"/>
						<line number="322" hits="0"/>
						<line number="325" hits="0"/>
						<line number="326" hits="0"/>
						<line number="327" hits="0"/>
						<line number="328" hits="0"/>
						<line number="330" hits="0"/>
						<line number="331" hits="0"/>
						<line number="334" hits="0"/>
						<line number="335" hits="0"/>
						<line number="336" hits="0"/>
						<line number="337" hits="0"/>
						<line number="338" hits="0"/>
						<line number="340" hits="0"/>
						<line number="341" hits="0"/>
						<line number="344" hits="0"/>
						<line number="345" hits="0"/>
						<line number="346" hits="0"/>
						<line number="353" hits="1"/>
						<line number="354" hits="0"/>
						<line number="355" hits="0"/>
						<line number="356" hits="0"/>
						<line number="357" hits="0"/>
						<line number="358" hits="0"/>
						<line number="359" hits="0"/>
						<line number="360" hits="0"/>
						<line number="361" hits="0"/>
						<line number="362" hits="0"/>
						<line number="363" hits="0"/>
						<line number="366" hits="1"/>
						<line number="367" hits="0"/>
						<line number="368" hits="0"/>
						<line number="369" hits="0"/>
						<line number="370" hits="0"/>
						<line number="371" hits="0"/>
						<line number="372" hits="0"/>
						<line number="373" hits="0"/>
						<line number="374" hits="0"/>
						<line number="375" hits="0"/>
						<line number="381" hits="1"/>
						<line number="384" hits="0"/>
						<line number="385" hits="0"/>
						<line number="386" hits="0"/>
						<line number="387" hits="0"/>
						<line number="388" hits="0"/>
						<line number="390" hits="0"/>
						<line number="391" hits="0"/>
						<line number="393" hits="0"/>
						<line number="394" hits="0"/>
						<line number="395" hits="0"/>
						<line number="396" hits="0"/>
						<line number="397" hits="0"/>
						<line number="398" hits="0"/>
						<line number="400" hits="0"/>
						<line number="401" hits="0"/>
						<line number="403" hits="0"/>
						<line number="407" hits="1"/>
						<line number="408" hits="0"/>
						<line number="409" hits="0"/>
						<line number="410" hits="0"/>
						<line number="413" hits="1"/>
						<line number="414" hits="0"/>
						<line number="415" hits="0"/>
						<line number="416" hits="0"/>
						<line number="417" hits="0"/>
						<line number="420" hits="1"/>
						<line number="426" hits="0"/>
						<line number="427" hits="0"/>
						<line number="428" hits="0"/>
						<line number="430" hits="0"/>
						<line number="432" hits="0"/>
						<line number="433" hits="0"/>
						<line number="434" hits="0"/>
						<line number="437" hits="1"/>
						<line number="438" hits="0"/>
						<line number="439" hits="0"/>
						<line number="440" hits="0"/>
						<line number="441" hits="0"/>
						<line number="444" hits="1"/>
						<line number="445" hits="0"/>
						<line number="446" hits="0"/>
						<line number="447" hits="0"/>
						<line number="448" hits="0"/>
						<line number="449" hits="0"/>
						<line number="450" hits="0"/>
						<line number="456" hits="1"/>
						<line number="457" hits="0"/>
						<line number="482" hits="0"/>
						<line number="483" hits="0"/>
						<line number="488" hits="1"/>
						<line number="489" hits="0"/>
						<line number="520" hits="0"/>
						<line number="528" hits="0"/>
						<line number="534" hits="0"/>
						<line number="535" hits="0"/>
						<line number="536" hits="0"/>
						<line number="539" hits="0"/>
						<line number="540" hits="0"/>
						<line number="542" hits="0"/>
						<line number="543" hits="0"/>
						<line number="546" hits="0"/>
						<line number="548" hits="0"/>
						<line number="549" hits="0"/>
						<line number="550" hits="0"/>
						<line number="551" hits="0"/>
						<line number="552" hits="0"/>
						<line number="553" hits="0"/>
						<line number="556" hits="0"/>
						<line number="562" hits="1"/>
						<line number="575" hits="1"/>
						<line number="576" hits="0"/>
						<line number="577" hits="0"/>
						<line number="578" hits="0"/>
						<line number="579" hits="0"/>
						<line number="580" hits="0"/>
						<line number="581" hits="0"/>
						<line number="582" hits="0"/>
						<line number="583" hits="0"/>
						<line number="584" hits="0"/>
						<line number="585" hits="0"/>
						<line number="592" hits="1"/>
						<line number="594" hits="0"/>
						<line number="595" hits="0"/>
						<line number="601" hits="0"/>
						<line number="602" hits="0"/>
						<line number="603" hits="0"/>
						<line number="606" hits="0"/>
						<line number="607" hits="0"/>
						<line number="609" hits="0"/>
						<line number="610" hits="0"/>
						<line number="611" hits="0"/>
						<line number="612" hits="0"/>
						<line number="613" hits="0"/>
						<line number="614" hits="0"/>
						<line number="616" hits="0"/>
						<line number="617" hits="0"/>
						<line number="619" hits="0"/>
						<line number="621" hits="0"/>
						<line number="622" hits="0"/>
						<line number="623" hits="0"/>
						<line number="624" hits="0"/>
						<line number="625" hits="0"/>
						<line number="626" hits="0"/>
						<line number="627" hits="0"/>
						<line number="628" hits="0"/>
						<line number="629" hits="0"/>
						<line number="630" hits="0"/>
						<line number="631" hits="0"/>
						<line number="632" hits="0"/>
						<line number="633" hits="0"/>
						<line number="634" hits="0"/>
						<line number="635" hits="0"/>
						<line number="638" hits="0"/>
						<line number="639" hits="0"/>
						<line number="642" hits="1"/>
						<line number="644" hits="0"/>
						<line number="645" hits="0"/>
						<line number="646" hits="0"/>
						<line number="648" hits="0"/>
						<line number="649" hits="0"/>
						<line number="656" hits="0"/>
						<line number="657" hits="0"/>
						<line number="658" hits="0"/>
						<line number="661" hits="0"/>
						<line number="662" hits="0"/>
						<line number="665" hits="0"/>
						<line number="668" hits="0"/>
						<line number="670" hits="0"/>
						<line number="671" hits="0"/>
						<line number="673" hits="0"/>
						<line number="674" hits="0"/>
						<line number="676" hits="0"/>
						<line number="677" hits="0"/>
						<line number="680" hits="0"/>
						<line number="681" hits="0"/>
						<line number="683" hits="0"/>
						<line number="685" hits="0"/>
						<line number="686" hits="0"/>
						<line number="687" hits="0"/>
						<line number="689" hits="0"/>
						<line number="690" hits="0"/>
						<line number="691" hits="0"/>
						<line number="692" hits="0"/>
						<line number="694" hits="0"/>
						<line number="697" hits="0"/>
						<line number="700" hits="0"/>
						<line number="702" hits="0"/>
						<line number="703" hits="0"/>
						<line number="705" hits="0"/>
						<line number="706" hits="0"/>
						<line number="709" hits="0"/>
						<line number="710" hits="0"/>
						<line number="711" hits="0"/>
						<line number="715" hits="0"/>
						<line number="718" hits="1"/>
						<line number="720" hits="0"/>
						<line number="721" hits="0"/>
						<line number="727" hits="0"/>
						<line number="728" hits="0"/>
						<line number="729" hits="0"/>
						<line number="731" hits="0"/>
						<line number="732" hits="0"/>
						<line number="733" hits="0"/>
						<line number="734" hits="0"/>
						<line number="735" hits="0"/>
						<line number="736" hits="0"/>
						<line number="737" hits="0"/>
						<line number="738" hits="0"/>
						<line number="739" hits="0"/>
						<line number="741" hits="0"/>
						<line number="743" hits="0"/>
						<line number="744" hits="0"/>
						<line number="745" hits="0"/>
						<line number="746" hits="0"/>
						<line number="747" hits="0"/>
						<line number="748" hits="0"/>
						<line number="749" hits="0"/>
						<line number="752" hits="1"/>
						<line number="754" hits="0"/>
						<line number="755" hits="0"/>
						<line number="756" hits="0"/>
						<line number="757" hits="0"/>
						<line number="758" hits="0"/>
						<line number="759" hits="0"/>
						<line number="763" hits="1"/>
						<line number="765" hits="1"/>
						<line number="768" hits="1"/>
						<line number="769" hits="0"/>
						<line number="770" hits="0"/>
						<line number="771" hits="0"/>
						<line number="772" hits="0"/>
						<line number="773" hits="0"/>
						<line number="779" hits="1"/>
						<line number="780" hits="1"/>
						<line number="781" hits="1"/>
						<line number="782" hits="1"/>
						<line number="785" hits="1"/>
						<line number="788" hits="1"/>
						<line number="792" hits="1"/>
						<line number="795" hits="1"/>
						<line number="796" hits="0"/>
						<line number="797" hits="0"/>
						<line number="798" hits="0"/>
						<line number="799" hits="0"/>
						<line number="800" hits="0"/>
						<line number="803" hits="1"/>
						<line number="804" hits="0"/>
						<line number="808" hits="1"/>
						<line number="809" hits="1"/>
						<line number="810" hits="1"/>
						<line number="811" hits="1"/>
						<line number="812" hits="1"/>
						<line number="813" hits="1"/>
						<line number="814" hits="1"/>
						<line number="817" hits="1"/>
						<line number="818" hits="0"/>
						<line number="819" hits="0"/>
						<line number="820" hits="0"/>
						<line number="821" hits="0"/>
						<line number="822" hits="0"/>
						<line number="823" hits="0"/>
						<line number="826" hits="1"/>
						<line number="827" hits="0"/>
						<line number="828" hits="0"/>
						<line number="829" hits="0"/>
						<line number="830" hits="0"/>
						<line number="831" hits="0"/>
						<line number="834" hits="1"/>
						<line number="836" hits="0"/>
						<line number="837" hits="0"/>
						<line number="838" hits="0"/>
						<line number="839" hits="0"/>
						<line number="840" hits="0"/>
						<line number="841" hits="0"/>
						<line number="844" hits="1"/>
						<line number="845" hits="0"/>
						<line number="849" hits="1"/>
						<line number="851" hits="0"/>
						<line number="852" hits="0"/>
						<line number="853" hits="0"/>
						<line number="854" hits="0"/>
						<line number="857" hits="1"/>
						<line number="859" hits="0"/>
						<line number="860" hits="0"/>
						<line number="861" hits="0"/>
						<line number="862" hits="0"/>
						<line number="863" hits="0"/>
						<line number="866" hits="1"/>
						<line number="867" hits="0"/>
						<line number="868" hits="0"/>
						<line number="869" hits="0"/>
						<line number="870" hits="0"/>
						<line number="872" hits="0"/>
						<line number="873" hits="0"/>
						<line number="879" hits="0"/>
						<line number="880" hits="0"/>
						<line number="881" hits="0"/>
						<line number="882" hits="0"/>
						<line number="883" hits="0"/>
						<line number="884" hits="0"/>
						<line number="885" hits="0"/>
						<line number="886" hits="0"/>
						<line number="889" hits="1"/>
						<line number="891" hits="0"/>
						<line number="894" hits="1"/>
						<line number="898" hits="0"/>
						<line number="901" hits="0"/>
						<line number="914" hits="0"/>
						<line number="915" hits="0"/>
						<line number="916" hits="0"/>
						<line number="917" hits="0"/>
						<line number="918" hits="0"/>
						<line number="919" hits="0"/>
						<line number="920" hits="0"/>
						<line number="921" hits="0"/>
						<line number="924" hits="0"/>
						<line number="925" hits="0"/>
						<line number="926" hits="0"/>
						<line number="932" hits="1"/>
						<line number="933" hits="0"/>
						<line number="934" hits="0"/>
						<line number="935" hits="0"/>
						<line number="936" hits="0"/>
						<line number="937" hits="0"/>
						<line number="938" hits="0"/>
						<line number="939" hits="0"/>
						<line number="940" hits="0"/>
						<line number="943" hits="1"/>
						<line number="944" hits="0"/>
						<line number="945" hits="0"/>
						<line number="946" hits="0"/>
						<line number="947" hits="0"/>
						<line number="948" hits="0"/>
						<line number="949" hits="0"/>
						<line number="950" hits="0"/>
						<line number="951" hits="0"/>
						<line number="954" hits="1"/>
						<line number="956" hits="0"/>
						<line number="957" hits="0"/>
						<line number="958" hits="0"/>
						<line number="959" hits="0"/>
						<line number="960" hits="0"/>
						<line number="961" hits="0"/>
						<line number="962" hits="0"/>
						<line number="964" hits="0"/>
						<line number="967" hits="1"/>
						<line number="969" hits="0"/>
						<line number="978" hits="0"/>
						<line number="979" hits="0"/>
						<line number="981" hits="0"/>
						<line number="982" hits="0"/>
						<line number="985" hits="1"/>
						<line number="987" hits="0"/>
						<line number="997" hits="0"/>
						<line number="998" hits="0"/>
						<line number="999" hits="0"/>
						<line number="1000" hits="0"/>
						<line number="1001" hits="0"/>
						<line number="1003" hits="0"/>
						<line number="1004" hits="0"/>
						<line number="1005" hits="0"/>
						<line number="1006" hits="0"/>
						<line number="1007" hits="0"/>
						<line number="1010" hits="1"/>
						<line number="1012" hits="0"/>
						<line number="1022" hits="0"/>
						<line number="1023" hits="0"/>
						<line number="1024" hits="0"/>
						<line number="1025" hits="0"/>
						<line number="1026" hits="0"/>
						<line number="1028" hits="0"/>
						<line number="1029" hits="0"/>
						<line number="1030" hits="0"/>
						<line number="1031" hits="0"/>
						<line number="1032" hits="0"/>
						<line number="1033" hits="0"/>
						<line number="1034" hits="0"/>
						<line number="1035" hits="0"/>
						<line number="1038" hits="1"/>
						<line number="1039" hits="0"/>
						<line number="1040" hits="0"/>
						<line number="1041" hits="0"/>
						<line number="1042" hits="0"/>
						<line number="1045" hits="1"/>
						<line number="1046" hits="0"/>
						<line number="1047" hits="0"/>
						<line number="1048" hits="0"/>
						<line number="1049" hits="0"/>
						<line number="1050" hits="0"/>
						<line number="1051" hits="0"/>
						<line number="1052" hits="0"/>
						<line number="1055" hits="1"/>
						<line number="1056" hits="0"/>
						<line number="1057" hits="0"/>
						<line number="1058" hits="0"/>
						<line number="1059" hits="0"/>
						<line number="1062" hits="1"/>
						<line number="1063" hits="0"/>
						<line number="1064" hits="0"/>
						<line number="1065" hits="0"/>
						<line number="1066" hits="0"/>
						<line number="1069" hits="1"/>
						<line number="1070" hits="0"/>
						<line number="1071" hits="0"/>
						<line number="1072" hits="0"/>
						<line number="1073" hits="0"/>
						<line number="1076" hits="1"/>
						<line number="1078" hits="0"/>
						<line number="1079" hits="0"/>
						<line number="1080" hits="0"/>
						<line number="1081" hits="0"/>
						<line number="1082" hits="0"/>
						<line number="1083" hits="0"/>
						<line number="1086" hits="1"/>
						<line number="1088" hits="0"/>
						<line number="1089" hits="0"/>
						<line number="1090" hits="0"/>
						<line number="1093" hits="0"/>
						<line number="1094" hits="0"/>
						<line number="1095" hits="0"/>
						<line number="1098" hits="0"/>
						<line number="1099" hits="0"/>
						<line number="1100" hits="0"/>
						<line number="1102" hits="0"/>
						<line number="1103" hits="0"/>
						<line number="1104" hits="0"/>
						<line number="1107" hits="1"/>
						<line number="1109" hits="0"/>
						<line number="1110" hits="0"/>
						<line number="1111" hits="0"/>
						<line number="1112" hits="0"/>
						<line number="1113" hits="0"/>
						<line number="1116" hits="0"/>
						<line number="1117" hits="0"/>
						<line number="1118" hits="0"/>
						<line number="1120" hits="0"/>
						<line number="1121" hits="0"/>
						<line number="1122" hits="0"/>
						<line number="1124" hits="0"/>
						<line number="1125" hits="0"/>
						<line number="1126" hits="0"/>
						<line number="1129" hits="1"/>
						<line number="1131" hits="0"/>
						<line number="1132" hits="0"/>
						<line number="1133" hits="0"/>
						<line number="1134" hits="0"/>
						<line number="1135" hits="0"/>
						<line number="1136" hits="0"/>
						<line number="1142" hits="1"/>
						<line number="1144" hits="0"/>
						<line number="1151" hits="0"/>
						<line number="1152" hits="0"/>
						<line number="1153" hits="0"/>
						<line number="1154" hits="0"/>
						<line number="1155" hits="0"/>
						<line number="1156" hits="0"/>
						<line number="1157" hits="0"/>
						<line number="1158" hits="0"/>
						<line number="1159" hits="0"/>
						<line number="1162" hits="1"/>
						<line number="1164" hits="0"/>
						<line number="1165" hits="0"/>
						<line number="1166" hits="0"/>
						<line number="1167" hits="0"/>
						<line number="1168" hits="0"/>
						<line number="1169" hits="0"/>
						<line number="1170" hits="0"/>
						<line number="1171" hits="0"/>
						<line number="1172" hits="0"/>
						<line number="1174" hits="0"/>
						<line number="1175" hits="0"/>
						<line number="1176" hits="0"/>
						<line number="1177" hits="0"/>
						<line number="1178" hits="0"/>
						<line number="1179" hits="0"/>
						<line number="1180" hits="0"/>
						<line number="1181" hits="0"/>
						<line number="1182" hits="0"/>
						<line number="1183" hits="0"/>
						<line number="1184" hits="0"/>
						<line number="1185" hits="0"/>
						<line number="1186" hits="0"/>
						<line number="1187" hits="0"/>
						<line number="1188" hits="0"/>
						<line number="1189" hits="0"/>
						<line number="1190" hits="0"/>
						<line number="1191" hits="0"/>
						<line number="1192" hits="0"/>
						<line number="1193" hits="0"/>
						<line number="1194" hits="0"/>
						<line number="1197" hits="1"/>
						<line number="1198" hits="0"/>
						<line number="1199" hits="0"/>
						<line number="1200" hits="0"/>
						<line number="1201" hits="0"/>
						<line number="1202" hits="0"/>
						<line number="1203" hits="0"/>
						<line number="1204" hits="0"/>
						<line number="1205" hits="0"/>
						<line number="1206" hits="0"/>
						<line number="1207" hits="0"/>
						<line number="1210" hits="1"/>
						<line number="1211" hits="0"/>
						<line number="1217" hits="0"/>
						<line number="1218" hits="0"/>
						<line number="1219" hits="0"/>
						<line number="1220" hits="0"/>
						<line number="1221" hits="0"/>
						<line number="1222" hits="0"/>
						<line number="1223" hits="0"/>
						<line number="1224" hits="0"/>
						<line number="1225" hits="0"/>
						<line number="1229" hits="1"/>
						<line number="1231" hits="1"/>
						<line number="1234" hits="1"/>
						<line number="1235" hits="0"/>
						<line number="1236" hits="0"/>
						<line number="1237" hits="0"/>
						<line number="1238" hits="0"/>
						<line number="1239" hits="0"/>
						<line number="1240" hits="0"/>
						<line number="1241" hits="0"/>
						<line number="1242" hits="0"/>
						<line number="1243" hits="0"/>
						<line number="1244" hits="0"/>
						<line number="1245" hits="0"/>
						<line number="1246" hits="0"/>
						<line number="1247" hits="0"/>
						<line number="1250" hits="1"/>
						<line number="1251" hits="0"/>
						<line number="1252" hits="0"/>
						<line number="1255" hits="1"/>
						<line number="1256" hits="0"/>
						<line number="1257" hits="0"/>
						<line number="1258" hits="0"/>
						<line number="1259" hits="0"/>
						<line number="1260" hits="0"/>
						<line number="1261" hits="0"/>
						<line number="1264" hits="1"/>
						<line number="1265" hits="0"/>
						<line number="1266" hits="0"/>
						<line number="1267" hits="0"/>
						<line number="1268" hits="0"/>
						<line number="1271" hits="1"/>
						<line number="1272" hits="0"/>
						<line number="1273" hits="0"/>
						<line number="1274" hits="0"/>
						<line number="1275" hits="0"/>
						<line number="1278" hits="1"/>
						<line number="1279" hits="0"/>
						<line number="1280" hits="0"/>
						<line number="1281" hits="0"/>
						<line number="1282" hits="0"/>
						<line number="1285" hits="1"/>
						<line number="1287" hits="0"/>
						<line number="1288" hits="0"/>
						<line number="1289" hits="0"/>
						<line number="1290" hits="0"/>
						<line number="1294" hits="1"/>
						<line number="1296" hits="0"/>
						<line number="1298" hits="0"/>
						<line number="1325" hits="0"/>
						<line number="1326" hits="0"/>
						<line number="1327" hits="0"/>
						<line number="1329" hits="0"/>
						<line number="1338" hits="0"/>
						<line number="1359" hits="0"/>
						<line number="1362" hits="1"/>
						<line number="1364" hits="0"/>
						<line number="1367" hits="1"/>
						<line number="1370" hits="0"/>
						<line number="1372" hits="0"/>
						<line number="1399" hits="0"/>
						<line number="1400" hits="0"/>
						<line number="1401" hits="0"/>
						<line number="1403" hits="0"/>
						<line number="1404" hits="0"/>
						<line number="1405" hits="0"/>
						<line number="1413" hits="0"/>
						<line number="1414" hits="0"/>
						<line number="1416" hits="0"/>
						<line number="1435" hits="0"/>
						<line number="1436" hits="0"/>
						<line number="1437" hits="0"/>
						<line number="1438" hits="0"/>
						<line number="1441" hits="1"/>
						<line number="1443" hits="0"/>
						<line number="1446" hits="1"/>
						<line number="1448" hits="0"/>
						<line number="1450" hits="0"/>
						<line number="1485" hits="0"/>
						<line number="1488" hits="1"/>
						<line number="1490" hits="0"/>
						<line number="1493" hits="1"/>
						<line number="1495" hits="0"/>
						<line number="1497" hits="0"/>
						<line number="1528" hits="0"/>
						<line number="1531" hits="1"/>
						<line number="1533" hits="0"/>
						<line number="1537" hits="1"/>
						<line number="1539" hits="0"/>
						<line number="1540" hits="0"/>
						<line number="1542" hits="0"/>
						<line number="1544" hits="0"/>
						<line number="1545" hits="0"/>
						<line number="1546" hits="0"/>
						<line number="1547" hits="0"/>
						<line number="1548" hits="0"/>
						<line number="1549" hits="0"/>
						<line number="1552" hits="1"/>
						<line number="1553" hits="1"/>
						<line number="1555" hits="0"/>
						<line number="1558" hits="1"/>
						<line number="1559" hits="1"/>
						<line number="1561" hits="0"/>
						<line number="1564" hits="1"/>
						<line number="1565" hits="1"/>
						<line number="1567" hits="0"/>
						<line number="1570" hits="1"/>
						<line number="1571" hits="1"/>
						<line number="1573" hits="0"/>
						<line number="1576" hits="1"/>
						<line number="1577" hits="1"/>
						<line number="1579" hits="0"/>
						<line number="1583" hits="1"/>
						<line number="1586" hits="0"/>
						<line number="1587" hits="0"/>
						<line number="1590" hits="0"/>
						<line number="1591" hits="0"/>
						<line number="1592" hits="0"/>
						<line number="1593" hits="0"/>
						<line number="1594" hits="0"/>
						<line number="1595" hits="0"/>
						<line number="1596" hits="0"/>
						<line number="1597" hits="0"/>
						<line number="1598" hits="0"/>
						<line number="1599" hits="0"/>
						<line number="1601" hits="0"/>
						<line number="1602" hits="0"/>
						<line number="1604" hits="0"/>
						<line number="1605" hits="0"/>
						<line number="1606" hits="0"/>
						<line number="1607" hits="0"/>
						<line number="1608" hits="0"/>
						<line number="1610" hits="0"/>
						<line number="1611" hits="0"/>
						<line number="1612" hits="0"/>
						<line number="1613" hits="0"/>
						<line number="1614" hits="0"/>
						<line number="1615" hits="0"/>
						<line number="1616" hits="0"/>
						<line number="1617" hits="0"/>
						<line number="1620" hits="1"/>
						<line number="1622" hits="0"/>
						<line number="1623" hits="0"/>
						<line number="1625" hits="0"/>
						<line number="1626" hits="0"/>
						<line number="1627" hits="0"/>
						<line number="1629" hits="0"/>
						<line number="1630" hits="0"/>
						<line number="1631" hits="0"/>
						<line number="1632" hits="0"/>
						<line number="1633" hits="0"/>
						<line number="1634" hits="0"/>
						<line number="1635" hits="0"/>
						<line number="1638" hits="0"/>
						<line number="1645" hits="1"/>
						<line number="1647" hits="0"/>
						<line number="1650" hits="1"/>
						<line number="1652" hits="0"/>
						<line number="1660" hits="0"/>
						<line number="1661" hits="0"/>
						<line number="1662" hits="0"/>
						<line number="1663" hits="0"/>
						<line number="1664" hits="0"/>
						<line number="1665" hits="0"/>
						<line number="1668" hits="1"/>
						<line number="1670" hits="0"/>
						<line number="1673" hits="1"/>
						<line number="1675" hits="0"/>
						<line number="1678" hits="1"/>
						<line number="1680" hits="0"/>
						<line number="1683" hits="1"/>
						<line number="1685" hits="0"/>
						<line number="1688" hits="1"/>
						<line number="1690" hits="0"/>
						<line number="1694" hits="1"/>
						<line number="1695" hits="0"/>
						<line number="1696" hits="0"/>
						<line number="1713" hits="1"/>
						<line number="1723" hits="1"/>
						<line number="1725" hits="0"/>
						<line number="1726" hits="0"/>
						<line number="1727" hits="0"/>
						<line number="1734" hits="0"/>
						<line number="1735" hits="0"/>
						<line number="1736" hits="0"/>
						<line number="1738" hits="0"/>
						<line number="1739" hits="0"/>
						<line number="1740" hits="0"/>
						<line number="1741" hits="0"/>
						<line number="1742" hits="0"/>
						<line number="1745" hits="1"/>
						<line number="1746" hits="0"/>
						<line number="1747" hits="0"/>
						<line number="1748" hits="0"/>
						<line number="1755" hits="0"/>
						<line number="1758" hits="1"/>
						<line number="1759" hits="0"/>
						<line number="1760" hits="0"/>
						<line number="1761" hits="0"/>
						<line number="1762" hits="0"/>
						<line number="1765" hits="1"/>
						<line number="1767" hits="0"/>
						<line number="1768" hits="0"/>
						<line number="1769" hits="0"/>
						<line number="1770" hits="0"/>
						<line number="1773" hits="1"/>
						<line number="1775" hits="0"/>
						<line number="1776" hits="0"/>
						<line number="1779" hits="1"/>
						<line number="1781" hits="0"/>
						<line number="1782" hits="0"/>
						<line number="1784" hits="0"/>
						<line number="1785" hits="0"/>
						<line number="1786" hits="0"/>
						<line number="1788" hits="0"/>
						<line number="1789" hits="0"/>
						<line number="1790" hits="0"/>
						<line number="1792" hits="0"/>
						<line number="1795" hits="0"/>
						<line number="1797" hits="0"/>
						<line number="1800" hits="1"/>
						<line number="1802" hits="0"/>
						<line number="1805" hits="1"/>
						<line number="1807" hits="0"/>
						<line number="1810" hits="1"/>
						<line number="1812" hits="0"/>
						<line number="1813" hits="0"/>
						<line number="1814" hits="0"/>
						<line number="1815" hits="0"/>
						<line number="1816" hits="0"/>
						<line number="1817" hits="0"/>
						<line number="1818" hits="0"/>
						<line number="1819" hits="0"/>
						<line number="1822" hits="1"/>
						<line number="1824" hits="0"/>
						<line number="1825" hits="0"/>
						<line number="1829" hits="0"/>
						<line number="1830" hits="0"/>
						<line number="1831" hits="0"/>
						<line number="1832" hits="0"/>
						<line number="1835" hits="1"/>
						<line number="1837" hits="0"/>
						<line number="1838" hits="0"/>
						<line number="1841" hits="1"/>
						<line number="1842" hits="0"/>
						<line number="1843" hits="0"/>
						<line number="1844" hits="0"/>
						<line number="1845" hits="0"/>
						<line number="1846" hits="0"/>
						<line number="1847" hits="0"/>
						<line number="1850" hits="1"/>
						<line number="1851" hits="0"/>
						<line number="1852" hits="0"/>
						<line number="1856" hits="1"/>
						<line number="1857" hits="0"/>
						<line number="1858" hits="0"/>
						<line number="1859" hits="0"/>
						<line number="1860" hits="0"/>
						<line number="1861" hits="0"/>
						<line number="1862" hits="0"/>
						<line number="1863" hits="0"/>
						<line number="1864" hits="0"/>
						<line number="1865" hits="0"/>
						<line number="1866" hits="0"/>
						<line number="1867" hits="0"/>
						<line number="1868" hits="0"/>
						<line number="1869" hits="0"/>
						<line number="1870" hits="0"/>
						<line number="1871" hits="0"/>
						<line number="1872" hits="0"/>
						<line number="1873" hits="0"/>
						<line number="1876" hits="1"/>
						<line number="1877" hits="0"/>
						<line number="1878" hits="0"/>
						<line number="1879" hits="0"/>
						<line number="1883" hits="1"/>
						<line number="1884" hits="0"/>
						<line number="1885" hits="0"/>
						<line number="1886" hits="0"/>
						<line number="1889" hits="1"/>
						<line number="1890" hits="0"/>
						<line number="1891" hits="0"/>
						<line number="1892" hits="0"/>
						<line number="1895" hits="1"/>
						<line number="1896" hits="0"/>
						<line number="1897" hits="0"/>
						<line number="1898" hits="0"/>
						<line number="1899" hits="0"/>
						<line number="1903" hits="1"/>
						<line number="1904" hits="0"/>
						<line number="1905" hits="0"/>
						<line number="1908" hits="1"/>
						<line number="1909" hits="0"/>
						<line number="1912" hits="1"/>
						<line number="1913" hits="0"/>
						<line number="1917" hits="1"/>
						<line number="1920" hits="1"/>
						<line number="1921" hits="0"/>
						<line number="1922" hits="0"/>
						<line number="1923" hits="0"/>
						<line number="1924" hits="0"/>
						<line number="1925" hits="0"/>
						<line number="1926" hits="0"/>
						<line number="1927" hits="0"/>
						<line number="1928" hits="0"/>
						<line number="1931" hits="1"/>
						<line number="1932" hits="0"/>
						<line number="1936" hits="1"/>
						<line number="1937" hits="0"/>
						<line number="1940" hits="1"/>
						<line number="1941" hits="0"/>
						<line number="1944" hits="1"/>
						<line number="1950" hits="0"/>
						<line number="1951" hits="0"/>
						<line number="1952" hits="0"/>
						<line number="1953" hits="0"/>
						<line number="1954" hits="0"/>
						<line number="1955" hits="0"/>
						<line number="1956" hits="0"/>
						<line number="1957" hits="0"/>
						<line number="1958" hits="0"/>
						<line number="1959" hits="0"/>
						<line number="1960" hits="0"/>
						<line number="1961" hits="0"/>
						<line number="1962" hits="0"/>
						<line number="1963" hits="0"/>
						<line number="1964" hits="0"/>
						<line number="1965" hits="0"/>
						<line number="1966" hits="0"/>
						<line number="1967" hits="0"/>
						<line number="1968" hits="0"/>
						<line number="1969" hits="0"/>
						<line number="1970" hits="0"/>
						<line number="1971" hits="0"/>
						<line number="1972" hits="0"/>
						<line number="1973" hits="0"/>
						<line number="1976" hits="1"/>
						<line number="1977" hits="0"/>
						<line number="1978" hits="0"/>
						<line number="1979" hits="0"/>
						<line number="1980" hits="0"/>
						<line number="1983" hits="1"/>
						<line number="1984" hits="0"/>
						<line number="1985" hits="0"/>
						<line number="1986" hits="0"/>
						<line number="1988" hits="0"/>
						<line number="1989" hits="0"/>
						<line number="1990" hits="0"/>
						<line number="1993" hits="1"/>
						<line number="1994" hits="0"/>
						<line number="1995" hits="0"/>
						<line number="1996" hits="0"/>
						<line number="1997" hits="0"/>
						<line number="1998" hits="0"/>
						<line number="1999" hits="0"/>
						<line number="2000" hits="0"/>
						<line number="2001" hits="0"/>
						<line number="2002" hits="0"/>
						<line number="2003" hits="0"/>
						<line number="2004" hits="0"/>
						<line number="2005" hits="0"/>
						<line number="2006" hits="0"/>
						<line number="2007" hits="0"/>
						<line number="2008" hits="0"/>
						<line number="2011" hits="1"/>
						<line number="2012" hits="0"/>
						<line number="2014" hits="0"/>
						<line number="2015" hits="0"/>
						<line number="2016" hits="0"/>
						<line number="2017" hits="0"/>
						<line number="2018" hits="0"/>
						<line number="2019" hits="0"/>
						<line number="2020" hits="0"/>
						<line number="2021" hits="0"/>
						<line number="2022" hits="0"/>
						<line number="2023" hits="0"/>
						<line number="2024" hits="0"/>
						<line number="2025" hits="0"/>
						<line number="2026" hits="0"/>
						<line number="2030" hits="1"/>
						<line number="2035" hits="1"/>
						<line number="2036" hits="0"/>
						<line number="2039" hits="1"/>
						<line number="2040" hits="0"/>
						<line number="2041" hits="0"/>
						<line number="2044" hits="1"/>
						<line number="2045" hits="0"/>
						<line number="2046" hits="0"/>
						<line number="2047" hits="0"/>
						<line number="2048" hits="0"/>
						<line number="2049" hits="0"/>
						<line number="2050" hits="0"/>
						<line number="2053" hits="1"/>
						<line number="2054" hits="0"/>
						<line number="2055" hits="0"/>
						<line number="2063" hits="1"/>
						<line number="2065" hits="0"/>
						<line number="2066" hits="0"/>
						<line number="2067" hits="0"/>
						<line number="2068" hits="0"/>
						<line number="2069" hits="0"/>
						<line number="2072" hits="1"/>
						<line number="2075" hits="1"/>
						<line number="2076" hits="0"/>
						<line number="2077" hits="0"/>
						<line number="2078" hits="0"/>
						<line number="2079" hits="0"/>
						<line number="2080" hits="0"/>
						<line number="2083" hits="1"/>
						<line number="2084" hits="0"/>
						<line number="2085" hits="0"/>
						<line number="2086" hits="0"/>
						<line number="2088" hits="0"/>
						<line number="2094" hits="0"/>
						<line number="2101" hits="0"/>
						<line number="2109" hits="0"/>
						<line number="2110" hits="0"/>
						<line number="2111" hits="0"/>
						<line number="2114" hits="1"/>
						<line number="2119" hits="0"/>
						<line number="2122" hits="0"/>
						<line number="2123" hits="0"/>
						<line number="2124" hits="0"/>
						<line number="2125" hits="0"/>
						<line number="2128" hits="0"/>
						<line number="2129" hits="0"/>
						<line number="2130" hits="0"/>
						<line number="2131" hits="0"/>
						<line number="2132" hits="0"/>
						<line number="2133" hits="0"/>
						<line number="2134" hits="0"/>
						<line number="2137" hits="0"/>
						<line number="2139" hits="0"/>
						<line number="2140" hits="0"/>
						<line number="2141" hits="0"/>
						<line number="2142" hits="0"/>
						<line number="2143" hits="0"/>
						<line number="2144" hits="0"/>
						<line number="2147" hits="0"/>
						<line number="2148" hits="0"/>
						<line number="2150" hits="0"/>
						<line number="2151" hits="0"/>
						<line number="2152" hits="0"/>
						<line number="2153" hits="0"/>
						<line number="2154" hits="0"/>
						<line number="2155" hits="0"/>
						<line number="2157" hits="0"/>
						<line number="2159" hits="0"/>
						<line number="2160" hits="0"/>
						<line number="2161" hits="0"/>
						<line number="2162" hits="0"/>
						<line number="2164" hits="0"/>
						<line number="2165" hits="0"/>
						<line number="2167" hits="0"/>
						<line number="2170" hits="1"/>
						<line number="2177" hits="0"/>
						<line number="2178" hits="0"/>
						<line number="2179" hits="0"/>
						<line number="2180" hits="0"/>
						<line number="2181" hits="0"/>
						<line number="2182" hits="0"/>
						<line number="2183" hits="0"/>
						<line number="2187" hits="1"/>
						<line number="2203" hits="1"/>
						<line number="2204" hits="0"/>
						<line number="2205" hits="0"/>
						<line number="2207" hits="0"/>
						<line number="2209" hits="0"/>
						<line number="2210" hits="0"/>
						<line number="2211" hits="0"/>
						<line number="2212" hits="0"/>
						<line number="2213" hits="0"/>
						<line number="2214" hits="0"/>
						<line number="2215" hits="0"/>
						<line number="2216" hits="0"/>
						<line number="2219" hits="1"/>
						<line number="2221" hits="0"/>
						<line number="2222" hits="0"/>
						<line number="2223" hits="0"/>
						<line number="2226" hits="0"/>
						<line number="2227" hits="0"/>
						<line number="2229" hits="0"/>
						<line number="2230" hits="0"/>
						<line number="2231" hits="0"/>
						<line number="2232" hits="0"/>
						<line number="2233" hits="0"/>
						<line number="2235" hits="0"/>
						<line number="2238" hits="1"/>
						<line number="2239" hits="0"/>
						<line number="2240" hits="0"/>
						<line number="2241" hits="0"/>
						<line number="2242" hits="0"/>
						<line number="2243" hits="0"/>
						<line number="2244" hits="0"/>
						<line number="2245" hits="0"/>
						<line number="2248" hits="1"/>
						<line number="2249" hits="0"/>
						<line number="2250" hits="0"/>
						<line number="2251" hits="0"/>
						<line number="2252" hits="0"/>
						<line number="2255" hits="1"/>
						<line number="2256" hits="0"/>
						<line number="2257" hits="0"/>
						<line number="2258" hits="0"/>
						<line number="2259" hits="0"/>
						<line number="2262" hits="1"/>
						<line number="2264" hits="0"/>
						<line number="2265" hits="0"/>
						<line number="2266" hits="0"/>
						<line number="2267" hits="0"/>
						<line number="2268" hits="0"/>
						<line number="2269" hits="0"/>
						<line number="2270" hits="0"/>
						<line number="2271" hits="0"/>
						<line number="2272" hits="0"/>
						<line number="2274" hits="0"/>
						<line number="2275" hits="0"/>
						<line number="2276" hits="0"/>
						<line number="2279" hits="0"/>
						<line number="2281" hits="0"/>
						<line number="2282" hits="0"/>
						<line number="2283" hits="0"/>
						<line number="2284" hits="0"/>
						<line number="2285" hits="0"/>
						<line number="2288" hits="1"/>
						<line number="2289" hits="0"/>
						<line number="2290" hits="0"/>
						<line number="2291" hits="0"/>
						<line number="2293" hits="0"/>
						<line number="2294" hits="0"/>
						<line number="2295" hits="0"/>
						<line number="2296" hits="0"/>
						<line number="2297" hits="0"/>
						<line number="2298" hits="0"/>
						<line number="2299" hits="0"/>
						<line number="2301" hits="0"/>
						<line number="2302" hits="0"/>
						<line number="2303" hits="0"/>
						<line number="2304" hits="0"/>
						<line number="2305" hits="0"/>
						<line number="2306" hits="0"/>
						<line number="2309" hits="1"/>
						<line number="2311" hits="0"/>
						<line number="2312" hits="0"/>
						<line number="2313" hits="0"/>
						<line number="2314" hits="0"/>
						<line number="2315" hits="0"/>
						<line number="2316" hits="0"/>
						<line number="2317" hits="0"/>
						<line number="2318" hits="0"/>
						<line number="2319" hits="0"/>
						<line number="2320" hits="0"/>
						<line number="2321" hits="0"/>
						<line number="2322" hits="0"/>
						<line number="2323" hits="0"/>
						<line number="2324" hits="0"/>
						<line number="2325" hits="0"/>
						<line number="2326" hits="0"/>
						<line number="2327" hits="0"/>
						<line number="2328" hits="0"/>
						<line number="2329" hits="0"/>
						<line number="2330" hits="0"/>
						<line number="2331" hits="0"/>
						<line number="2332" hits="0"/>
						<line number="2333" hits="0"/>
						<line number="2336" hits="1"/>
						<line number="2339" hits="1"/>
						<line number="2340" hits="0"/>
						<line number="2342" hits="0"/>
						<line number="2343" hits="0"/>
						<line number="2344" hits="0"/>
						<line number="2345" hits="0"/>
						<line number="2348" hits="1"/>
						<line number="2349" hits="0"/>
						<line number="2351" hits="0"/>
						<line number="2354" hits="1"/>
						<line number="2355" hits="0"/>
						<line number="2357" hits="0"/>
						<line number="2358" hits="0"/>
						<line number="2359" hits="0"/>
						<line number="2360" hits="0"/>
						<line number="2361" hits="0"/>
						<line number="2363" hits="0"/>
						<line number="2364" hits="0"/>
						<line number="2367" hits="1"/>
						<line number="2368" hits="0"/>
						<line number="2369" hits="0"/>
						<line number="2370" hits="0"/>
						<line number="2371" hits="0"/>
						<line number="2374" hits="1"/>
						<line number="2376" hits="0"/>
						<line number="2378" hits="0"/>
						<line number="2379" hits="0"/>
						<line number="2380" hits="0"/>
						<line number="2381" hits="0"/>
						<line number="2383" hits="0"/>
						<line number="2384" hits="0"/>
						<line number="2385" hits="0"/>
						<line number="2386" hits="0"/>
						<line number="2387" hits="0"/>
						<line number="2388" hits="0"/>
						<line number="2389" hits="0"/>
						<line number="2390" hits="0"/>
						<line number="2391" hits="0"/>
						<line number="2394" hits="1"/>
						<line number="2395" hits="0"/>
						<line number="2396" hits="0"/>
						<line number="2397" hits="0"/>
						<line number="2398" hits="0"/>
						<line number="2401" hits="1"/>
						<line number="2402" hits="0"/>
						<line number="2405" hits="1"/>
						<line number="2406" hits="0"/>
						<line number="2408" hits="0"/>
						<line number="2409" hits="0"/>
						<line number="2411" hits="0"/>
						<line number="2412" hits="0"/>
						<line number="2415" hits="1"/>
						<line number="2416" hits="0"/>
						<line number="2418" hits="0"/>
						<line number="2419" hits="0"/>
						<line number="2420" hits="0"/>
						<line number="2421" hits="0"/>
						<line number="2431" hits="1"/>
						<line number="2432" hits="0"/>
						<line number="2434" hits="0"/>
						<line number="2437" hits="1"/>
						<line number="2438" hits="0"/>
						<line number="2439" hits="0"/>
						<line number="2440" hits="0"/>
						<line number="2441" hits="0"/>
						<line number="2442" hits="0"/>
						<line number="2443" hits="0"/>
						<line number="2444" hits="0"/>
						<line number="2445" hits="0"/>
						<line number="2446" hits="0"/>
						<line number="2447" hits="0"/>
						<line number="2448" hits="0"/>
						<line number="2449" hits="0"/>
						<line number="2450" hits="0"/>
						<line number="2451" hits="0"/>
						<line number="2456" hits="0"/>
						<line number="2459" hits="1"/>
						<line number="2460" hits="1"/>
						<line number="2463" hits="1"/>
						<line number="2465" hits="0"/>
						<line number="2468" hits="1"/>
						<line number="2469" hits="0"/>
						<line number="2470" hits="0"/>
						<line number="2471" hits="0"/>
						<line number="2472" hits="0"/>
						<line number="2473" hits="0"/>
						<line number="2474" hits="0"/>
						<line number="2475" hits="0"/>
						<line number="2476" hits="0"/>
						<line number="2477" hits="0"/>
						<line number="2480" hits="1"/>
						<line number="2481" hits="0"/>
						<line number="2482" hits="0"/>
						<line number="2483" hits="0"/>
						<line number="2484" hits="0"/>
						<line number="2485" hits="0"/>
						<line number="2487" hits="0"/>
						<line number="2488" hits="0"/>
						<line number="2489" hits="0"/>
						<line number="2490" hits="0"/>
						<line number="2491" hits="0"/>
						<line number="2493" hits="0"/>
						<line number="2494" hits="0"/>
						<line number="2495" hits="0"/>
						<line number="2496" hits="0"/>
						<line number="2497" hits="0"/>
						<line number="2498" hits="0"/>
						<line number="2500" hits="0"/>
						<line number="2506" hits="0"/>
						<line number="2507" hits="0"/>
						<line number="2510" hits="1"/>
						<line number="2511" hits="0"/>
						<line number="2512" hits="0"/>
						<line number="2513" hits="0"/>
						<line number="2514" hits="0"/>
						<line number="2515" hits="0"/>
						<line number="2516" hits="0"/>
						<line number="2518" hits="0"/>
						<line number="2519" hits="0"/>
						<line number="2520" hits="0"/>
						<line number="2521" hits="0"/>
						<line number="2522" hits="0"/>
						<line number="2523" hits="0"/>
						<line number="2524" hits="0"/>
						<line number="2525" hits="0"/>
						<line number="2526" hits="0"/>
						<line number="2527" hits="0"/>
						<line number="2530" hits="1"/>
						<line number="2532" hits="0"/>
						<line number="2535" hits="1"/>
						<line number="2536" hits="0"/>
						<line number="2537" hits="0"/>
						<line number="2538" hits="0"/>
						<line number="2540" hits="0"/>
						<line number="2541" hits="0"/>
						<line number="2542" hits="0"/>
						<line number="2543" hits="0"/>
						<line number="2544" hits="0"/>
						<line number="2547" hits="1"/>
						<line number="2548" hits="0"/>
						<line number="2549" hits="0"/>
						<line number="2551" hits="0"/>
						<line number="2552" hits="0"/>
						<line number="2553" hits="0"/>
						<line number="2556" hits="1"/>
						<line number="2557" hits="0"/>
						<line number="2560" hits="1"/>
						<line number="2561" hits="0"/>
						<line number="2565" hits="1"/>
						<line number="2566" hits="1"/>
						<line number="2567" hits="1"/>
						<line number="2568" hits="1"/>
						<line number="2571" hits="1"/>
						<line number="2572" hits="0"/>
						<line number="2573" hits="0"/>
						<line number="2574" hits="0"/>
						<line number="2575" hits="0"/>
						<line number="2578" hits="1"/>
						<line number="2579" hits="0"/>
						<line number="2580" hits="0"/>
						<line number="2581" hits="0"/>
						<line number="2582" hits="0"/>
						<line number="2585" hits="1"/>
						<line number="2586" hits="0"/>
						<line number="2589" hits="1"/>
						<line number="2590" hits="0"/>
						<line number="2591" hits="0"/>
						<line number="2592" hits="0"/>
						<line number="2593" hits="0"/>
						<line number="2594" hits="0"/>
						<line number="2597" hits="1"/>
						<line number="2598" hits="0"/>
						<line number="2603" hits="1"/>
						<line number="2606" hits="1"/>
						<line number="2607" hits="0"/>
						<line number="2608" hits="0"/>
						<line number="2613" hits="1"/>
						<line number="2614" hits="0"/>
						<line number="2615" hits="0"/>
						<line number="2616" hits="0"/>
						<line number="2617" hits="0"/>
						<line number="2618" hits="0"/>
						<line number="2619" hits="0"/>
						<line number="2620" hits="0"/>
						<line number="2625" hits="0"/>
						<line number="2626" hits="0"/>
						<line number="2627" hits="0"/>
						<line number="2630" hits="1"/>
						<line number="2635" hits="1"/>
						<line number="2636" hits="0"/>
						<line number="2637" hits="0"/>
						<line number="2638" hits="0"/>
						<line number="2640" hits="0"/>
						<line number="2641" hits="0"/>
						<line number="2643" hits="0"/>
						<line number="2645" hits="0"/>
						<line number="2646" hits="0"/>
						<line number="2648" hits="0"/>
						<line number="2649" hits="0"/>
						<line number="2650" hits="0"/>
						<line number="2651" hits="0"/>
						<line number="2652" hits="0"/>
						<line number="2659" hits="1"/>
						<line number="2660" hits="0"/>
						<line number="2663" hits="1"/>
						<line number="2664" hits="0"/>
						<line number="2665" hits="0"/>
						<line number="2666" hits="0"/>
						<line number="2667" hits="0"/>
						<line number="2668" hits="0"/>
						<line number="2671" hits="1"/>
						<line number="2676" hits="0"/>
						<line number="2677" hits="0"/>
						<line number="2678" hits="0"/>
						<line number="2679" hits="0"/>
						<line number="2681" hits="0"/>
						<line number="2682" hits="0"/>
						<line number="2683" hits="0"/>
						<line number="2684" hits="0"/>
						<line number="2685" hits="0"/>
						<line number="2686" hits="0"/>
						<line number="2687" hits="0"/>
						<line number="2688" hits="0"/>
						<line number="2689" hits="0"/>
						<line number="2690" hits="0"/>
						<line number="2691" hits="0"/>
						<line number="2692" hits="0"/>
						<line number="2693" hits="0"/>
						<line number="2694" hits="0"/>
						<line number="2695" hits="0"/>
						<line number="2696" hits="0"/>
						<line number="2697" hits="0"/>
						<line number="2698" hits="0"/>
						<line number="2699" hits="0"/>
						<line number="2700" hits="0"/>
						<line number="2701" hits="0"/>
						<line number="2705" hits="1"/>
						<line number="2710" hits="0"/>
						<line number="2711" hits="0"/>
						<line number="2712" hits="0"/>
						<line number="2713" hits="0"/>
						<line number="2714" hits="0"/>
						<line number="2715" hits="0"/>
						<line number="2718" hits="1"/>
						<line number="2726" hits="0"/>
						<line number="2727" hits="0"/>
						<line number="2728" hits="0"/>
						<line number="2729" hits="0"/>
						<line number="2730" hits="0"/>
						<line number="2731" hits="0"/>
						<line number="2733" hits="0"/>
						<line number="2734" hits="0"/>
						<line number="2735" hits="0"/>
						<line number="2736" hits="0"/>
						<line number="2737" hits="0"/>
						<line number="2740" hits="1"/>
						<line number="2742" hits="0"/>
						<line number="2743" hits="0"/>
						<line number="2744" hits="0"/>
						<line number="2747" hits="1"/>
						<line number="2753" hits="0"/>
						<line number="2754" hits="0"/>
						<line number="2757" hits="0"/>
						<line number="2760" hits="0"/>
						<line number="2776" hits="0"/>
						<line number="2777" hits="0"/>
						<line number="2778" hits="0"/>
						<line number="2779" hits="0"/>
						<line number="2780" hits="0"/>
						<line number="2781" hits="0"/>
						<line number="2782" hits="0"/>
						<line number="2783" hits="0"/>
						<line number="2784" hits="0"/>
						<line number="2785" hits="0"/>
						<line number="2786" hits="0"/>
						<line number="2789" hits="0"/>
						<line number="2790" hits="0"/>
						<line number="2792" hits="0"/>
						<line number="2795" hits="1"/>
						<line number="2797" hits="0"/>
						<line number="2798" hits="0"/>
						<line number="2799" hits="0"/>
						<line number="2801" hits="0"/>
						<line number="2803" hits="0"/>
						<line number="2805" hits="0"/>
						<line number="2806" hits="0"/>
						<line number="2807" hits="0"/>
						<line number="2810" hits="1"/>
						<line number="2812" hits="0"/>
						<line number="2813" hits="0"/>
						<line number="2814" hits="0"/>
						<line number="2815" hits="0"/>
						<line number="2817" hits="0"/>
						<line number="2818" hits="0"/>
						<line number="2819" hits="0"/>
						<line number="2820" hits="0"/>
						<line number="2821" hits="0"/>
						<line number="2822" hits="0"/>
						<line number="2823" hits="0"/>
						<line number="2826" hits="1"/>
						<line number="2827" hits="0"/>
						<line number="2828" hits="0"/>
						<line number="2830" hits="0"/>
						<line number="2831" hits="0"/>
						<line number="2832" hits="0"/>
						<line number="2835" hits="1"/>
						<line number="2836" hits="0"/>
						<line number="2838" hits="0"/>
						<line number="2839" hits="0"/>
						<line number="2840" hits="0"/>
						<line number="2841" hits="0"/>
						<line number="2845" hits="1"/>
						<line number="2846" hits="0"/>
						<line number="2847" hits="0"/>
						<line number="2848" hits="0"/>
						<line number="2849" hits="0"/>
						<line number="2851" hits="0"/>
						<line number="2852" hits="0"/>
						<line number="2855" hits="1"/>
						<line number="2860" hits="0"/>
						<line number="2861" hits="0"/>
						<line number="2863" hits="0"/>
						<line number="2864" hits="0"/>
						<line number="2865" hits="0"/>
						<line number="2866" hits="0"/>
						<line number="2867" hits="0"/>
						<line number="2870" hits="0"/>
						<line number="2871" hits="0"/>
						<line number="2872" hits="0"/>
						<line number="2873" hits="0"/>
						<line number="2874" hits="0"/>
						<line number="2876" hits="0"/>
						<line number="2877" hits="0"/>
						<line number="2880" hits="0"/>
						<line number="2881" hits="0"/>
						<line number="2882" hits="0"/>
						<line number="2883" hits="0"/>
						<line number="2884" hits="0"/>
						<line number="2885" hits="0"/>
						<line number="2886" hits="0"/>
						<line number="2887" hits="0"/>
						<line number="2888" hits="0"/>
						<line number="2889" hits="0"/>
						<line number="2890" hits="0"/>
						<line number="2891" hits="0"/>
						<line number="2892" hits="0"/>
						<line number="2895" hits="0"/>
						<line number="2896" hits="0"/>
						<line number="2897" hits="0"/>
						<line number="2898" hits="0"/>
						<line number="2899" hits="0"/>
						<line number="2900" hits="0"/>
						<line number="2901" hits="0"/>
						<line number="2902" hits="0"/>
						<line number="2903" hits="0"/>
						<line number="2904" hits="0"/>
						<line number="2905" hits="0"/>
						<line number="2906" hits="0"/>
						<line number="2909" hits="0"/>
						<line number="2911" hits="0"/>
						<line number="2913" hits="0"/>
						<line number="2914" hits="0"/>
						<line number="2915" hits="0"/>
						<line number="2916" hits="0"/>
						<line number="2917" hits="0"/>
						<line number="2919" hits="0"/>
						<line number="2920" hits="0"/>
						<line number="2921" hits="0"/>
						<line number="2922" hits="0"/>
						<line number="2925" hits="1"/>
						<line number="2933" hits="0"/>
						<line number="2934" hits="0"/>
						<line number="2935" hits="0"/>
						<line number="2936" hits="0"/>
						<line number="2937" hits="0"/>
						<line number="2938" hits="0"/>
						<line number="2941" hits="0"/>
						<line number="2942" hits="0"/>
						<line number="2943" hits="0"/>
						<line number="2944" hits="0"/>
						<line number="2947" hits="0"/>
						<line number="2948" hits="0"/>
						<line number="2949" hits="0"/>
						<line number="2950" hits="0"/>
						<line number="2951" hits="0"/>
						<line number="2954" hits="0"/>
						<line number="2955" hits="0"/>
						<line number="2962" hits="0"/>
						<line number="2963" hits="0"/>
						<line number="2964" hits="0"/>
						<line number="2965" hits="0"/>
						<line number="2968" hits="0"/>
						<line number="2969" hits="0"/>
						<line number="2970" hits="0"/>
						<line number="2973" hits="0"/>
						<line number="2974" hits="0"/>
						<line number="2977" hits="0"/>
						<line number="2978" hits="0"/>
						<line number="2979" hits="0"/>
						<line number="2980" hits="0"/>
						<line number="2981" hits="0"/>
						<line number="2982" hits="0"/>
						<line number="2985" hits="0"/>
						<line number="2986" hits="0"/>
						<line number="2987" hits="0"/>
						<line number="2990" hits="1"/>
						<line number="2991" hits="0"/>
						<line number="2992" hits="0"/>
						<line number="2993" hits="0"/>
						<line number="2994" hits="0"/>
						<line number="2995" hits="0"/>
						<line number="2999" hits="1"/>
						<line number="3000" hits="0"/>
						<line number="3004" hits="1"/>
						<line number="3009" hits="0"/>
						<line number="3010" hits="0"/>
						<line number="3011" hits="0"/>
						<line number="3012" hits="0"/>
						<line number="3013" hits="0"/>
						<line number="3014" hits="0"/>
						<line number="3015" hits="0"/>
						<line number="3017" hits="0"/>
						<line number="3018" hits="0"/>
						<line number="3019" hits="0"/>
						<line number="3021" hits="0"/>
						<line number="3022" hits="0"/>
						<line number="3023" hits="0"/>
						<line number="3024" hits="0"/>
						<line number="3025" hits="0"/>
						<line number="3032" hits="1"/>
						<line number="3035" hits="1"/>
						<line number="3036" hits="0"/>
						<line number="3037" hits="0"/>
						<line number="3038" hits="0"/>
						<line number="3044" hits="0"/>
						<line number="3045" hits="0"/>
						<line number="3047" hits="0"/>
						<line number="3048" hits="0"/>
						<line number="3049" hits="0"/>
						<line number="3050" hits="0"/>
						<line number="3051" hits="0"/>
						<line number="3052" hits="0"/>
						<line number="3053" hits="0"/>
						<line number="3059" hits="1"/>
						<line number="3060" hits="0"/>
						<line number="3063" hits="1"/>
						<line number="3066" hits="0"/>
						<line number="3067" hits="0"/>
						<line number="3068" hits="0"/>
						<line number="3072" hits="1"/>
						<line number="3079" hits="0"/>
						<line number="3080" hits="0"/>
						<line number="3081" hits="0"/>
						<line number="3082" hits="0"/>
						<line number="3084" hits="0"/>
						<line number="3085" hits="0"/>
						<line number="3086" hits="0"/>
						<line number="3087" hits="0"/>
						<line number="3089" hits="0"/>
						<line number="3090" hits="0"/>
						<line number="3091" hits="0"/>
						<line number="3092" hits="0"/>
						<line number="3094" hits="0"/>
						<line number="3097" hits="0"/>
						<line number="3098" hits="0"/>
						<line number="3099" hits="0"/>
						<line number="3102" hits="0"/>
						<line number="3103" hits="0"/>
						<line number="3104" hits="0"/>
						<line number="3105" hits="0"/>
						<line number="3106" hits="0"/>
						<line number="3107" hits="0"/>
						<line number="3108" hits="0"/>
						<line number="3109" hits="0"/>
						<line number="3111" hits="0"/>
						<line number="3114" hits="0"/>
						<line number="3115" hits="0"/>
						<line number="3117" hits="0"/>
						<line number="3120" hits="0"/>
						<line number="3121" hits="0"/>
						<line number="3126" hits="0"/>
						<line number="3127" hits="0"/>
						<line number="3128" hits="0"/>
						<line number="3129" hits="0"/>
						<line number="3130" hits="0"/>
						<line number="3131" hits="0"/>
						<line number="3133" hits="0"/>
						<line number="3135" hits="0"/>
						<line number="3137" hits="0"/>
						<line number="3138" hits="0"/>
						<line number="3145" hits="1"/>
						<line number="3146" hits="0"/>
						<line number="3148" hits="0"/>
						<line number="3149" hits="0"/>
						<line number="3150" hits="0"/>
						<line number="3152" hits="0"/>
						<line number="3153" hits="0"/>
						<line number="3154" hits="0"/>
						<line number="3155" hits="0"/>
						<line number="3157" hits="0"/>
						<line number="3160" hits="1"/>
						<line number="3161" hits="0"/>
						<line number="3162" hits="0"/>
						<line number="3165" hits="0"/>
						<line number="3166" hits="0"/>
						<line number="3167" hits="0"/>
						<line number="3168" hits="0"/>
						<line number="3169" hits="0"/>
						<line number="3170" hits="0"/>
						<line number="3171" hits="0"/>
						<line number="3172" hits="0"/>
						<line number="3173" hits="0"/>
						<line number="3176" hits="0"/>
						<line number="3177" hits="0"/>
						<line number="3178" hits="0"/>
						<line number="3179" hits="0"/>
						<line number="3182" hits="1"/>
						<line number="3183" hits="0"/>
						<line number="3186" hits="0"/>
						<line number="3187" hits="0"/>
						<line number="3188" hits="0"/>
						<line number="3189" hits="0"/>
						<line number="3190" hits="0"/>
						<line number="3191" hits="0"/>
						<line number="3194" hits="1"/>
						<line number="3195" hits="0"/>
						<line number="3196" hits="0"/>
						<line number="3197" hits="0"/>
						<line number="3200" hits="1"/>
						<line number="3202" hits="0"/>
						<line number="3203" hits="0"/>
						<line number="3204" hits="0"/>
						<line number="3205" hits="0"/>
						<line number="3206" hits="0"/>
						<line number="3209" hits="1"/>
						<line number="3211" hits="0"/>
						<line number="3212" hits="0"/>
						<line number="3213" hits="0"/>
						<line number="3214" hits="0"/>
						<line number="3215" hits="0"/>
						<line number="3216" hits="0"/>
						<line number="3217" hits="0"/>
						<line number="3218" hits="0"/>
						<line number="3219" hits="0"/>
						<line number="3222" hits="1"/>
						<line number="3224" hits="0"/>
						<line number="3234" hits="1"/>
						<line number="3235" hits="1"/>
						<line number="3236" hits="1"/>
						<line number="3239" hits="1"/>
						<line number="3240" hits="0"/>
						<line number="3242" hits="0"/>
						<line number="3249" hits="0"/>
						<line number="3250" hits="0"/>
						<line number="3251" hits="0"/>
						<line number="3252" hits="0"/>
						<line number="3253" hits="0"/>
						<line number="3254" hits="0"/>
						<line number="3255" hits="0"/>
						<line number="3256" hits="0"/>
						<line number="3257" hits="0"/>
						<line number="3260" hits="1"/>
						<line number="3261" hits="0"/>
						<line number="3263" hits="0"/>
						<line number="3264" hits="0"/>
						<line number="3265" hits="0"/>
						<line number="3266" hits="0"/>
						<line number="3269" hits="1"/>
						<line number="3270" hits="0"/>
						<line number="3272" hits="0"/>
						<line number="3273" hits="0"/>
						<line number="3274" hits="0"/>
						<line number="3275" hits="0"/>
						<line number="3276" hits="0"/>
						<line number="3277" hits="0"/>
						<line number="3278" hits="0"/>
						<line number="3279" hits="0"/>
						<line number="3280" hits="0"/>
						<line number="3283" hits="1"/>
						<line number="3284" hits="0"/>
						<line number="3285" hits="0"/>
						<line number="3286" hits="0"/>
						<line number="3287" hits="0"/>
						<line number="3288" hits="0"/>
						<line number="3289" hits="0"/>
						<line number="3290" hits="0"/>
						<line number="3291" hits="0"/>
						<line number="3294" hits="1"/>
						<line number="3295" hits="0"/>
						<line number="3297" hits="0"/>
						<line number="3298" hits="0"/>
						<line number="3299" hits="0"/>
						<line number="3300" hits="0"/>
						<line number="3301" hits="0"/>
						<line number="3304" hits="1"/>
						<line number="3305" hits="0"/>
						<line number="3306" hits="0"/>
						<line number="3308" hits="0"/>
						<line number="3309" hits="0"/>
						<line number="3310" hits="0"/>
						<line number="3311" hits="0"/>
						<line number="3312" hits="0"/>
						<line number="3313" hits="0"/>
						<line number="3316" hits="1"/>
						<line number="3318" hits="0"/>
						<line number="3320" hits="0"/>
						<line number="3321" hits="0"/>
						<line number="3322" hits="0"/>
						<line number="3323" hits="0"/>
						<line number="3324" hits="0"/>
						<line number="3325" hits="0"/>
						<line number="3326" hits="0"/>
						<line number="3329" hits="0"/>
						<line number="3330" hits="0"/>
						<line number="3331" hits="0"/>
						<line number="3332" hits="0"/>
						<line number="3335" hits="0"/>
						<line number="3336" hits="0"/>
						<line number="3337" hits="0"/>
						<line number="3339" hits="0"/>
						<line number="3340" hits="0"/>
						<line number="3341" hits="0"/>
						<line number="3343" hits="0"/>
						<line number="3344" hits="0"/>
						<line number="3345" hits="0"/>
						<line number="3346" hits="0"/>
						<line number="3347" hits="0"/>
						<line number="3348" hits="0"/>
						<line number="3351" hits="0"/>
						<line number="3352" hits="0"/>
						<line number="3353" hits="0"/>
						<line number="3354" hits="0"/>
						<line number="3355" hits="0"/>
						<line number="3356" hits="0"/>
						<line number="3357" hits="0"/>
						<line number="3359" hits="0"/>
						<line number="3362" hits="0"/>
						<line number="3363" hits="0"/>
						<line number="3364" hits="0"/>
						<line number="3365" hits="0"/>
						<line number="3366" hits="0"/>
						<line number="3367" hits="0"/>
						<line number="3368" hits="0"/>
						<line number="3369" hits="0"/>
						<line number="3370" hits="0"/>
						<line number="3371" hits="0"/>
						<line number="3372" hits="0"/>
						<line number="3374" hits="0"/>
						<line number="3375" hits="0"/>
						<line number="3378" hits="0"/>
						<line number="3379" hits="0"/>
						<line number="3380" hits="0"/>
						<line number="3384" hits="0"/>
						<line number="3385" hits="0"/>
						<line number="3388" hits="0"/>
						<line number="3389" hits="0"/>
						<line number="3390" hits="0"/>
						<line number="3391" hits="0"/>
						<line number="3392" hits="0"/>
						<line number="3393" hits="0"/>
						<line number="3394" hits="0"/>
						<line number="3397" hits="0"/>
						<line number="3398" hits="0"/>
						<line number="3400" hits="0"/>
						<line number="3406" hits="1"/>
						<line number="3408" hits="1"/>
						<line number="3410" hits="1"/>
						<line number="3415" hits="1"/>
						<line number="3417" hits="0"/>
						<line number="3419" hits="0"/>
						<line number="3421" hits="0"/>
						<line number="3422" hits="0"/>
						<line number="3423" hits="0"/>
						<line number="3425" hits="0"/>
						<line number="3426" hits="0"/>
						<line number="3427" hits="0"/>
						<line number="3428" hits="0"/>
						<line number="3429" hits="0"/>
						<line number="3430" hits="0"/>
						<line number="3431" hits="0"/>
						<line number="3432" hits="0"/>
						<line number="3433" hits="0"/>
						<line number="3436" hits="1"/>
						<line number="3438" hits="0"/>
						<line number="3440" hits="0"/>
						<line number="3441" hits="0"/>
						<line number="3442" hits="0"/>
						<line number="3443" hits="0"/>
						<line number="3444" hits="0"/>
						<line number="3445" hits="0"/>
						<line number="3447" hits="0"/>
						<line number="3448" hits="0"/>
						<line number="3449" hits="0"/>
						<line number="3450" hits="0"/>
						<line number="3451" hits="0"/>
						<line number="3453" hits="0"/>
						<line number="3454" hits="0"/>
						<line number="3455" hits="0"/>
						<line number="3457" hits="0"/>
						<line number="3458" hits="0"/>
						<line number="3459" hits="0"/>
						<line number="3460" hits="0"/>
						<line number="3463" hits="1"/>
						<line number="3468" hits="0"/>
						<line number="3472" hits="0"/>
						<line number="3473" hits="0"/>
						<line number="3474" hits="0"/>
						<line number="3476" hits="0"/>
						<line number="3483" hits="0"/>
						<line number="3484" hits="0"/>
						<line number="3485" hits="0"/>
						<line number="3486" hits="0"/>
						<line number="3487" hits="0"/>
						<line number="3488" hits="0"/>
						<line number="3489" hits="0"/>
						<line number="3490" hits="0"/>
						<line number="3491" hits="0"/>
						<line number="3496" hits="0"/>
						<line number="3497" hits="0"/>
						<line number="3498" hits="0"/>
						<line number="3499" hits="0"/>
						<line number="3500" hits="0"/>
						<line number="3502" hits="0"/>
						<line number="3503" hits="0"/>
						<line number="3504" hits="0"/>
						<line number="3505" hits="0"/>
						<line number="3507" hits="0"/>
						<line number="3509" hits="0"/>
						<line number="3510" hits="0"/>
						<line number="3511" hits="0"/>
						<line number="3512" hits="0"/>
						<line number="3513" hits="0"/>
						<line number="3514" hits="0"/>
						<line number="3515" hits="0"/>
						<line number="3516" hits="0"/>
						<line number="3517" hits="0"/>
						<line number="3519" hits="0"/>
						<line number="3524" hits="1"/>
						<line number="3525" hits="1"/>
						<line number="3526" hits="1"/>
						<line number="3528" hits="1"/>
						<line number="3534" hits="1"/>
						<line number="3535" hits="0"/>
						<line number="3536" hits="0"/>
						<line number="3537" hits="0"/>
						<line number="3538" hits="0"/>
						<line number="3539" hits="0"/>
						<line number="3541" hits="0"/>
						<line number="3542" hits="0"/>
						<line number="3543" hits="0"/>
						<line number="3544" hits="0"/>
						<line number="3545" hits="0"/>
						<line number="3546" hits="0"/>
						<line number="3549" hits="1"/>
						<line number="3550" hits="0"/>
						<line number="3551" hits="0"/>
						<line number="3552" hits="0"/>
						<line number="3553" hits="0"/>
						<line number="3554" hits="0"/>
						<line number="3557" hits="1"/>
						<line number="3558" hits="0"/>
						<line number="3559" hits="0"/>
						<line number="3560" hits="0"/>
						<line number="3561" hits="0"/>
						<line number="3562" hits="0"/>
						<line number="3565" hits="1"/>
						<line number="3566" hits="0"/>
						<line number="3567" hits="0"/>
						<line number="3568" hits="0"/>
						<line number="3569" hits="0"/>
						<line number="3570" hits="0"/>
						<line number="3573" hits="1"/>
						<line number="3575" hits="0"/>
						<line number="3576" hits="0"/>
						<line number="3578" hits="0"/>
						<line number="3579" hits="0"/>
						<line number="3580" hits="0"/>
						<line number="3581" hits="0"/>
						<line number="3582" hits="0"/>
						<line number="3583" hits="0"/>
						<line number="3586" hits="1"/>
						<line number="3587" hits="0"/>
						<line number="3588" hits="0"/>
						<line number="3591" hits="1"/>
						<line number="3593" hits="0"/>
						<line number="3595" hits="0"/>
						<line number="3596" hits="0"/>
						<line number="3597" hits="0"/>
						<line number="3598" hits="0"/>
						<line number="3599" hits="0"/>
						<line number="3600" hits="0"/>
						<line number="3601" hits="0"/>
						<line number="3602" hits="0"/>
						<line number="3603" hits="0"/>
						<line number="3604" hits="0"/>
						<line number="3605" hits="0"/>
						<line number="3608" hits="1"/>
						<line number="3610" hits="0"/>
						<line number="3611" hits="0"/>
						<line number="3612" hits="0"/>
						<line number="3613" hits="0"/>
						<line number="3614" hits="0"/>
						<line number="3615" hits="0"/>
						<line number="3616" hits="0"/>
						<line number="3617" hits="0"/>
						<line number="3618" hits="0"/>
						<line number="3619" hits="0"/>
						<line number="3620" hits="0"/>
						<line number="3621" hits="0"/>
						<line number="3622" hits="0"/>
						<line number="3623" hits="0"/>
						<line number="3624" hits="0"/>
						<line number="3625" hits="0"/>
						<line number="3626" hits="0"/>
						<line number="3627" hits="0"/>
						<line number="3634" hits="0"/>
						<line number="3635" hits="0"/>
						<line number="3636" hits="0"/>
						<line number="3637" hits="0"/>
						<line number="3640" hits="1"/>
						<line number="3642" hits="0"/>
						<line number="3644" hits="0"/>
						<line number="3645" hits="0"/>
						<line number="3646" hits="0"/>
						<line number="3647" hits="0"/>
						<line number="3648" hits="0"/>
						<line number="3649" hits="0"/>
						<line number="3650" hits="0"/>
						<line number="3651" hits="0"/>
						<line number="3652" hits="0"/>
						<line number="3656" hits="1"/>
						<line number="3659" hits="1"/>
						<line number="3660" hits="0"/>
						<line number="3661" hits="0"/>
						<line number="3662" hits="0"/>
						<line number="3663" hits="0"/>
						<line number="3664" hits="0"/>
						<line number="3667" hits="1"/>
						<line number="3668" hits="0"/>
						<line number="3669" hits="0"/>
						<line number="3670" hits="0"/>
						<line number="3671" hits="0"/>
						<line number="3672" hits="0"/>
						<line number="3676" hits="1"/>
						<line number="3677" hits="1"/>
						<line number="3680" hits="1"/>
						<line number="3681" hits="0"/>
						<line number="3689" hits="1"/>
						<line number="3690" hits="0"/>
						<line number="3691" hits="0"/>
						<line number="3692" hits="0"/>
						<line number="3693" hits="0"/>
						<line number="3694" hits="0"/>
						<line number="3695" hits="0"/>
						<line number="3698" hits="1"/>
						<line number="3699" hits="0"/>
						<line number="3700" hits="0"/>
						<line number="3701" hits="0"/>
						<line number="3702" hits="0"/>
						<line number="3705" hits="1"/>
						<line number="3706" hits="0"/>
						<line number="3707" hits="0"/>
						<line number="3708" hits="0"/>
						<line number="3709" hits="0"/>
						<line number="3710" hits="0"/>
						<line number="3711" hits="0"/>
						<line number="3712" hits="0"/>
						<line number="3715" hits="1"/>
						<line number="3716" hits="0"/>
						<line number="3717" hits="0"/>
						<line number="3718" hits="0"/>
						<line number="3721" hits="1"/>
						<line number="3722" hits="0"/>
						<line number="3723" hits="0"/>
						<line number="3726" hits="1"/>
						<line number="3728" hits="0"/>
						<line number="3729" hits="0"/>
						<line number="3730" hits="0"/>
						<line number="3731" hits="0"/>
						<line number="3732" hits="0"/>
						<line number="3733" hits="0"/>
						<line number="3734" hits="0"/>
						<line number="3735" hits="0"/>
						<line number="3736" hits="0"/>
						<line number="3737" hits="0"/>
						<line number="3738" hits="0"/>
						<line number="3739" hits="0"/>
						<line number="3740" hits="0"/>
						<line number="3743" hits="1"/>
						<line number="3744" hits="0"/>
						<line number="3745" hits="0"/>
						<line number="3746" hits="0"/>
						<line number="3747" hits="0"/>
						<line number="3748" hits="0"/>
						<line number="3749" hits="0"/>
						<line number="3750" hits="0"/>
						<line number="3751" hits="0"/>
						<line number="3752" hits="0"/>
						<line number="3753" hits="0"/>
						<line number="3762" hits="1"/>
						<line number="3767" hits="0"/>
						<line number="3768" hits="0"/>
						<line number="3769" hits="0"/>
						<line number="3770" hits="0"/>
						<line number="3772" hits="0"/>
[...]
						<line number="101" hits="0"/>
						<line number="103" hits="1"/>
						<line number="104" hits="0"/>
						<line number="108" hits="1"/>
						<line number="109" hits="1"/>
						<line number="113" hits="1"/>
						<line number="116" hits="1"/>
						<line number="118" hits="0"/>
						<line number="122" hits="1"/>
						<line number="123" hits="1"/>
						<line number="124" hits="1"/>
						<line number="126" hits="0"/>
						<line number="127" hits="1"/>
						<line number="128" hits="1"/>
						<line number="131" hits="1"/>
					</lines>
				</class>
				<class name="poller_lock.py" filename="poller_lock.py" complexity="0" line-rate="0.4762" branch-rate="0">
					<methods/>
					<lines>
						<line number="2" hits="1"/>
						<line number="3" hits="1"/>
						<line number="5" hits="1"/>
						<line number="6" hits="1"/>
						<line number="9" hits="1"/>
						<line number="12" hits="1"/>
						<line number="13" hits="1"/>
						<line number="14" hits="0"/>
						<line number="15" hits="0"/>
						<line number="16" hits="0"/>
						<line number="17" hits="1"/>
						<line number="18" hits="1"/>
						<line number="21" hits="1"/>
						<line number="24" hits="0"/>
						<line number="25" hits="0"/>
						<line number="26" hits="0"/>
						<line number="27" hits="0"/>
						<line number="28" hits="0"/>
						<line number="29" hits="0"/>
						<line number="30" hits="0"/>
						<line number="31" hits="0"/>
					</lines>
				</class>
				<class name="telegram_polling.py" filename="telegram_polling.py" complexity="0" line-rate="0.1918" branch-rate="0">
					<methods/>
					<lines>
						<line number="6" hits="1"/>
						<line number="7" hits="1"/>
						<line number="8" hits="1"/>
						<line number="9" hits="1"/>
						<line number="10" hits="1"/>
						<line number="11" hits="1"/>
						<line number="13" hits="1"/>
						<line number="17" hits="1"/>
						<line number="19" hits="0"/>
						<line number="20" hits="0"/>
						<line number="23" hits="1"/>
						<line number="25" hits="0"/>
						<line number="26" hits="0"/>
						<line number="29" hits="1"/>
						<line number="30" hits="1"/>
						<line number="31" hits="0"/>
						<line number="32" hits="0"/>
						<line number="34" hits="1"/>
						<line number="38" hits="1"/>
						<line number="39" hits="1"/>
						<line number="40" hits="1"/>
						<line number="42" hits="1"/>
						<line number="43" hits="1"/>
						<line number="44" hits="1"/>
						<line number="45" hits="1"/>
						<line number="48" hits="1"/>
						<line number="49" hits="1"/>
						<line number="50" hits="1"/>
						<line number="51" hits="1"/>
						<line number="52" hits="1"/>
						<line number="55" hits="1"/>
						<line number="56" hits="1"/>
						<line number="57" hits="0"/>
						<line number="58" hits="0"/>
						<line number="61" hits="1"/>
						<line number="64" hits="1"/>
						<line number="67" hits="1"/>
						<line number="68" hits="1"/>
						<line number="69" hits="0"/>
						<line number="70" hits="0"/>
						<line number="71" hits="0"/>
						<line number="72" hits="0"/>
						<line number="73" hits="0"/>
						<line number="74" hits="0"/>
						<line number="75" hits="0"/>
						<line number="76" hits="0"/>
						<line number="78" hits="1"/>
						<line number="79" hits="0"/>
						<line number="80" hits="0"/>
						<line number="81" hits="0"/>
						<line number="82" hits="0"/>
						<line number="83" hits="0"/>
						<line number="84" hits="0"/>
						<line number="85" hits="0"/>
						<line number="88" hits="1"/>
						<line number="89" hits="0"/>
						<line number="90" hits="0"/>
						<line number="91" hits="0"/>
						<line number="92" hits="0"/>
						<line number="93" hits="0"/>
						<line number="94" hits="0"/>
						<line number="95" hits="0"/>
						<line number="96" hits="0"/>
						<line number="97" hits="0"/>
						<line number="98" hits="0"/>
						<line number="99" hits="0"/>
						<line number="100" hits="0"/>
						<line number="101" hits="0"/>
						<line number="102" hits="0"/>
						<line number="103" hits="0"/>
						<line number="104" hits="0"/>
						<line number="106" hits="1"/>
						<line number="107" hits="0"/>
						<line number="108" hits="0"/>
						<line number="109" hits="0"/>
						<line number="110" hits="0"/>
						<line number="111" hits="0"/>
						<line number="113" hits="0"/>
						<line number="114" hits="0"/>
						<line number="115" hits="0"/>
						<line number="117" hits="1"/>
						<line number="119" hits="0"/>
						<line number="120" hits="0"/>
						<line number="128" hits="0"/>
						<line number="130" hits="0"/>
						<line number="131" hits="0"/>
						<line number="132" hits="0"/>
						<line number="133" hits="0"/>
						<line number="134" hits="0"/>
						<line number="135" hits="0"/>
						<line number="136" hits="0"/>
						<line number="137" hits="0"/>
						<line number="138" hits="0"/>
						<line number="143" hits="0"/>
						<line number="144" hits="0"/>
						<line number="146" hits="0"/>
						<line number="147" hits="0"/>
						<line number="148" hits="0"/>
						<line number="150" hits="0"/>
						<line number="151" hits="0"/>
						<line number="152" hits="0"/>
						<line number="154" hits="0"/>
						<line number="155" hits="0"/>
						<line number="156" hits="0"/>
						<line number="157" hits="0"/>
						<line number="159" hits="1"/>
						<line number="161" hits="0"/>
						<line number="162" hits="0"/>
						<line number="163" hits="0"/>
						<line number="164" hits="0"/>
						<line number="166" hits="0"/>
						<line number="167" hits="0"/>
						<line number="168" hits="0"/>
						<line number="169" hits="0"/>
						<line number="170" hits="0"/>
						<line number="172" hits="0"/>
						<line number="173" hits="0"/>
						<line number="175" hits="0"/>
						<line number="178" hits="0"/>
						<line number="179" hits="0"/>
						<line number="182" hits="0"/>
						<line number="183" hits="0"/>
						<line number="184" hits="0"/>
						<line number="185" hits="0"/>
						<line number="186" hits="0"/>
						<line number="187" hits="0"/>
						<line number="188" hits="0"/>
						<line number="189" hits="0"/>
						<line number="191" hits="0"/>
						<line number="193" hits="0"/>
						<line number="194" hits="0"/>
						<line number="195" hits="0"/>
						<line number="196" hits="0"/>
						<line number="197" hits="0"/>
						<line number="198" hits="0"/>
						<line number="199" hits="0"/>
						<line number="200" hits="0"/>
						<line number="201" hits="0"/>
						<line number="202" hits="0"/>
						<line number="203" hits="0"/>
						<line number="204" hits="0"/>
						<line number="205" hits="0"/>
						<line number="207" hits="0"/>
						<line number="208" hits="0"/>
						<line number="210" hits="0"/>
						<line number="211" hits="0"/>
						<line number="213" hits="1"/>
						<line number="215" hits="0"/>
						<line number="216" hits="0"/>
						<line number="217" hits="0"/>
						<line number="218" hits="0"/>
						<line number="219" hits="0"/>
						<line number="220" hits="0"/>
						<line number="221" hits="0"/>
						<line number="222" hits="0"/>
						<line number="227" hits="0"/>
						<line number="229" hits="0"/>
						<line number="231" hits="0"/>
						<line number="232" hits="0"/>
						<line number="233" hits="0"/>
						<line number="235" hits="1"/>
						<line number="237" hits="0"/>
						<line number="240" hits="0"/>
						<line number="241" hits="0"/>
						<line number="242" hits="0"/>
						<line number="245" hits="0"/>
						<line number="246" hits="0"/>
						<line number="247" hits="0"/>
						<line number="248" hits="0"/>
						<line number="249" hits="0"/>
						<line number="250" hits="0"/>
						<line number="251" hits="0"/>
						<line number="253" hits="0"/>
						<line number="254" hits="0"/>
						<line number="255" hits="0"/>
						<line number="256" hits="0"/>
						<line number="257" hits="0"/>
						<line number="258" hits="0"/>
						<line number="259" hits="0"/>
						<line number="260" hits="0"/>
						<line number="261" hits="0"/>
						<line number="262" hits="0"/>
						<line number="263" hits="0"/>
						<line number="264" hits="0"/>
						<line number="265" hits="0"/>
						<line number="266" hits="0"/>
						<line number="267" hits="0"/>
						<line number="270" hits="0"/>
						<line number="272" hits="0"/>
						<line number="275" hits="0"/>
						<line number="276" hits="0"/>
						<line number="279" hits="0"/>
						<line number="280" hits="0"/>
						<line number="281" hits="0"/>
						<line number="282" hits="0"/>
						<line number="284" hits="0"/>
						<line number="285" hits="0"/>
						<line number="286" hits="0"/>
						<line number="288" hits="1"/>
						<line number="290" hits="0"/>
						<line number="291" hits="0"/>
						<line number="292" hits="0"/>
						<line number="294" hits="0"/>
						<line number="295" hits="0"/>
						<line number="296" hits="0"/>
						<line number="297" hits="0"/>
						<line number="298" hits="0"/>
						<line number="300" hits="1"/>
						<line number="302" hits="0"/>
						<line number="303" hits="0"/>
						<line number="305" hits="0"/>
						<line number="306" hits="0"/>
						<line number="307" hits="0"/>
						<line number="308" hits="0"/>
						<line number="312" hits="1"/>
						<line number="315" hits="1"/>
						<line number="320" hits="1"/>
						<line number="322" hits="1"/>
						<line number="323" hits="1"/>
						<line number="324" hits="1"/>
						<line number="326" hits="0"/>
						<line number="327" hits="0"/>
						<line number="328" hits="0"/>
						<line number="329" hits="0"/>
						<line number="331" hits="0"/>
						<line number="332" hits="0"/>
						<line number="333" hits="0"/>
						<line number="335" hits="0"/>
						<line number="336" hits="0"/>
						<line number="337" hits="0"/>
						<line number="339" hits="0"/>
						<line number="340" hits="0"/>
						<line number="342" hits="0"/>
						<line number="345" hits="1"/>
						<line number="348" hits="0"/>
						<line number="349" hits="0"/>
						<line number="350" hits="0"/>
						<line number="353" hits="0"/>
						<line number="355" hits="0"/>
						<line number="356" hits="0"/>
						<line number="357" hits="0"/>
						<line number="358" hits="0"/>
						<line number="359" hits="0"/>
						<line number="362" hits="1"/>
						<line number="364" hits="0"/>
					</lines>
				</class>
			</classes>
		</package>
		<package name="tests" line-rate="0.8992" branch-rate="0" complexity="0">
			<classes>
				<class name="test_watch_remove.py" filename="tests/test_watch_remove.py" complexity="0" line-rate="0.9077" branch-rate="0">
					<methods/>
					<lines>
						<line number="1" hits="1"/>
						<line number="2" hits="1"/>
						<line number="3" hits="1"/>
						<line number="6" hits="1"/>
						<line number="7" hits="1"/>
						<line number="9" hits="1"/>
						<line number="10" hits="1"/>
						<line number="13" hits="1"/>
						<line number="14" hits="1"/>
						<line number="16" hits="1"/>
						<line number="19" hits="1"/>
						<line number="20" hits="0"/>
						<line number="29" hits="0"/>
						<line number="30" hits="0"/>
						<line number="33" hits="1"/>
						<line number="34" hits="1"/>
						<line number="35" hits="1"/>
						<line number="36" hits="1"/>
						<line number="37" hits="1"/>
						<line number="38" hits="1"/>
						<line number="39" hits="0"/>
						<line number="40" hits="0"/>
						<line number="41" hits="0"/>
						<line number="42" hits="1"/>
						<line number="45" hits="1"/>
						<line number="46" hits="1"/>
						<line number="49" hits="1"/>
						<line number="50" hits="1"/>
						<line number="53" hits="1"/>
						<line number="55" hits="1"/>
						<line number="58" hits="1"/>
						<line number="59" hits="1"/>
						<line number="60" hits="1"/>
						<line number="63" hits="1"/>
						<line number="66" hits="1"/>
						<line number="67" hits="1"/>
						<line number="70" hits="1"/>
						<line number="71" hits="1"/>
						<line number="74" hits="1"/>
						<line number="75" hits="1"/>
						<line number="76" hits="1"/>
						<line number="77" hits="1"/>
						<line number="78" hits="1"/>
						<line number="79" hits="1"/>
						<line number="82" hits="1"/>
						<line number="83" hits="1"/>
						<line number="84" hits="1"/>
						<line number="85" hits="1"/>
						<line number="86" hits="1"/>
						<line number="87" hits="1"/>
						<line number="88" hits="1"/>
						<line number="91" hits="1"/>
						<line number="92" hits="1"/>
						<line number="93" hits="1"/>
						<line number="96" hits="1"/>
						<line number="97" hits="1"/>
						<line number="98" hits="1"/>
						<line number="99" hits="1"/>
						<line number="100" hits="1"/>
						<line number="101" hits="1"/>
						<line number="104" hits="1"/>
						<line number="105" hits="1"/>
						<line number="106" hits="1"/>
						<line number="108" hits="1"/>
						<line number="109" hits="1"/>
					</lines>
				</class>
				<class name="test_watchlist.py" filename="tests/test_watchlist.py" complexity="0" line-rate="0.8947" branch-rate="0">
					<methods/>
					<lines>
						<line number="1" hits="1"/>
						<line number="2" hits="1"/>
						<line number="3" hits="1"/>
						<line number="5" hits="1"/>
						<line number="7" hits="1"/>
						<line number="8" hits="1"/>
						<line number="10" hits="1"/>
						<line number="11" hits="1"/>
						<line number="14" hits="1"/>
						<line number="15" hits="1"/>
						<line number="18" hits="1"/>
						<line number="20" hits="1"/>
						<line number="23" hits="1"/>
						<line number="24" hits="0"/>
						<line number="33" hits="0"/>
						<line number="34" hits="0"/>
						<line number="37" hits="1"/>
						<line number="38" hits="1"/>
						<line number="39" hits="1"/>
						<line number="40" hits="1"/>
						<line number="41" hits="1"/>
						<line number="42" hits="1"/>
						<line number="43" hits="0"/>
						<line number="44" hits="0"/>
						<line number="45" hits="0"/>
						<line number="46" hits="1"/>
						<line number="49" hits="1"/>
						<line number="50" hits="1"/>
						<line number="51" hits="1"/>
						<line number="54" hits="1"/>
						<line number="55" hits="1"/>
						<line number="58" hits="1"/>
						<line number="59" hits="1"/>
						<line number="60" hits="1"/>
						<line number="63" hits="1"/>
						<line number="66" hits="1"/>
						<line number="67" hits="1"/>
						<line number="70" hits="1"/>
						<line number="71" hits="1"/>
						<line number="74" hits="1"/>
						<line number="75" hits="1"/>
						<line number="77" hits="1"/>
						<line number="78" hits="1"/>
						<line number="81" hits="1"/>
						<line number="82" hits="1"/>
						<line number="83" hits="1"/>
						<line number="84" hits="1"/>
						<line number="86" hits="1"/>
						<line number="87" hits="1"/>
						<line number="88" hits="1"/>
						<line number="91" hits="1"/>
						<line number="92" hits="1"/>
						<line number="93" hits="1"/>
						<line number="94" hits="1"/>
						<line number="95" hits="1"/>
						<line number="97" hits="1"/>
						<line number="98" hits="1"/>
					</lines>
				</class>
				<class name="test_watchlist_edge.py" filename="tests/test_watchlist_edge.py" complexity="0" line-rate="0.8923" branch-rate="0">
					<methods/>
					<lines>
						<line number="3" hits="1"/>
						<line number="4" hits="1"/>
						<line number="5" hits="1"/>
						<line number="8" hits="1"/>
						<line number="9" hits="1"/>
						<line number="10" hits="0"/>
						<line number="12" hits="1"/>
						<line number="14" hits="1"/>
						<line number="15" hits="1"/>
						<line number="17" hits="1"/>
						<line number="18" hits="1"/>
						<line number="20" hits="1"/>
						<line number="23" hits="1"/>
						<line number="24" hits="0"/>
						<line number="33" hits="0"/>
						<line number="34" hits="0"/>
						<line number="37" hits="1"/>
						<line number="38" hits="1"/>
						<line number="39" hits="1"/>
						<line number="40" hits="1"/>
						<line number="41" hits="1"/>
						<line number="42" hits="1"/>
						<line number="43" hits="0"/>
						<line number="44" hits="0"/>
						<line number="45" hits="0"/>
						<line number="46" hits="1"/>
						<line number="49" hits="1"/>
						<line number="50" hits="1"/>
						<line number="53" hits="1"/>
						<line number="54" hits="1"/>
						<line number="57" hits="1"/>
						<line number="58" hits="1"/>
						<line number="59" hits="1"/>
						<line number="62" hits="1"/>
						<line number="63" hits="1"/>
						<line number="66" hits="1"/>
						<line number="67" hits="1"/>
						<line number="68" hits="1"/>
						<line number="69" hits="1"/>
						<line number="72" hits="1"/>
						<line number="73" hits="1"/>
						<line number="74" hits="1"/>
						<line number="75" hits="1"/>
						<line number="76" hits="1"/>
						<line number="77" hits="1"/>
						<line number="80" hits="1"/>
						<line number="81" hits="1"/>
						<line number="82" hits="1"/>
						<line number="84" hits="1"/>
						<line number="85" hits="1"/>
						<line number="86" hits="1"/>
						<line number="89" hits="1"/>
						<line number="90" hits="1"/>
						<line number="91" hits="1"/>
						<line number="92" hits="1"/>
						<line number="93" hits="1"/>
						<line number="94" hits="1"/>
						<line number="97" hits="1"/>
						<line number="98" hits="1"/>
						<line number="99" hits="1"/>
						<line number="100" hits="1"/>
						<line number="102" hits="1"/>
						<line number="103" hits="1"/>
						<line number="106" hits="1"/>
						<line number="107" hits="1"/>
					</lines>
				</class>
				<class name="test_watchlist_scale.py" filename="tests/test_watchlist_scale.py" complexity="0" line-rate="0.9016" branch-rate="0">
					<methods/>
					<lines>
						<line number="1" hits="1"/>
						<line number="2" hits="1"/>
						<line number="3" hits="1"/>
						<line number="4" hits="1"/>
						<line number="7" hits="1"/>
						<line number="8" hits="1"/>
						<line number="10" hits="1"/>
						<line number="11" hits="1"/>
						<line number="13" hits="1"/>
						<line number="14" hits="1"/>
						<line number="17" hits="1"/>
						<line number="18" hits="0"/>
						<line number="27" hits="0"/>
						<line number="28" hits="0"/>
						<line number="31" hits="1"/>
						<line number="32" hits="1"/>
						<line number="33" hits="1"/>
						<line number="34" hits="1"/>
						<line number="35" hits="1"/>
						<line number="36" hits="1"/>
						<line number="37" hits="0"/>
						<line number="38" hits="0"/>
						<line number="39" hits="0"/>
						<line number="40" hits="1"/>
						<line number="43" hits="1"/>
						<line number="45" hits="1"/>
						<line number="48" hits="1"/>
						<line number="51" hits="1"/>
						<line number="52" hits="1"/>
						<line number="53" hits="1"/>
						<line number="56" hits="1"/>
						<line number="59" hits="1"/>
						<line number="61" hits="1"/>
						<line number="64" hits="1"/>
						<line number="65" hits="1"/>
						<line number="68" hits="1"/>
						<line number="69" hits="1"/>
						<line number="70" hits="1"/>
						<line number="73" hits="1"/>
						<line number="76" hits="1"/>
						<line number="77" hits="1"/>
						<line number="80" hits="1"/>
						<line number="81" hits="1"/>
						<line number="82" hits="1"/>
						<line number="84" hits="1"/>
						<line number="85" hits="1"/>
						<line number="86" hits="1"/>
						<line number="87" hits="1"/>
						<line number="88" hits="1"/>
						<line number="89" hits="1"/>
						<line number="92" hits="1"/>
						<line number="93" hits="1"/>
						<line number="94" hits="1"/>
						<line number="95" hits="1"/>
						<line number="96" hits="1"/>
						<line number="99" hits="1"/>
						<line number="100" hits="1"/>
						<line number="101" hits="1"/>
						<line number="102" hits="1"/>
						<line number="104" hits="1"/>
						<line number="105" hits="1"/>
					</lines>
				</class>
			</classes>
		</package>
	</packages>
</coverage>
